> Task :compileJava UP-TO-DATE
> Task :processResources UP-TO-DATE
> Task :classes UP-TO-DATE
> Task :resolveMainClassName UP-TO-DATE

> Task :bootRun

  .   ____          _            __ _ _
 /\\ / ___'_ __ _ _(_)_ __  __ _ \ \ \ \
( ( )\___ | '_ | '_| | '_ \/ _` | \ \ \ \
 \\/  ___)| |_)| | | | | || (_| |  ) ) ) )
  '  |____| .__|_| |_|_| |_\__, | / / / /
 =========|_|==============|___/=/_/_/_/

 :: Spring Boot ::                (v4.0.1)

2026-03-31T12:02:01.470+09:00  INFO 8808 --- [venueon-backend] [           main] com.venueon.VenueOnApplication           : Starting VenueOnApplication using Java 21.0.10 with PID 8808 (C:\venueon\backend\build\classes\java\main started by 12sib in C:\venueon\backend)
2026-03-31T12:02:01.481+09:00 DEBUG 8808 --- [venueon-backend] [           main] com.venueon.VenueOnApplication           : Running with Spring Boot v4.0.1, Spring v7.0.2
2026-03-31T12:02:01.483+09:00  INFO 8808 --- [venueon-backend] [           main] com.venueon.VenueOnApplication           : The following 1 profile is active: "dev"
2026-03-31T12:02:04.958+09:00  INFO 8808 --- [venueon-backend] [           main] .s.d.r.c.RepositoryConfigurationDelegate : Bootstrapping Spring Data JPA repositories in DEFAULT mode.
2026-03-31T12:02:05.182+09:00  INFO 8808 --- [venueon-backend] [           main] .s.d.r.c.RepositoryConfigurationDelegate : Finished Spring Data repository scanning in 199 ms. Found 8 JPA repository interfaces.
2026-03-31T12:02:07.193+09:00  INFO 8808 --- [venueon-backend] [           main] o.s.boot.tomcat.TomcatWebServer          : Tomcat initialized with port 8080 (http)
2026-03-31T12:02:07.278+09:00  INFO 8808 --- [venueon-backend] [           main] o.apache.catalina.core.StandardService   : Starting service [Tomcat]
2026-03-31T12:02:07.279+09:00  INFO 8808 --- [venueon-backend] [           main] o.apache.catalina.core.StandardEngine    : Starting Servlet engine: [Apache Tomcat/11.0.15]
2026-03-31T12:02:07.566+09:00  INFO 8808 --- [venueon-backend] [           main] b.w.c.s.WebApplicationContextInitializer : Root WebApplicationContext: initialization completed in 5864 ms
2026-03-31T12:02:08.325+09:00  INFO 8808 --- [venueon-backend] [           main] org.hibernate.orm.jpa                    : HHH008540: Processing PersistenceUnitInfo [name: default]
2026-03-31T12:02:08.546+09:00  INFO 8808 --- [venueon-backend] [           main] org.hibernate.orm.core                   : HHH000001: Hibernate ORM core version 7.2.0.Final
2026-03-31T12:02:10.169+09:00  INFO 8808 --- [venueon-backend] [           main] o.s.o.j.p.SpringPersistenceUnitInfo      : No LoadTimeWeaver setup: ignoring JPA class transformer
2026-03-31T12:02:10.297+09:00  INFO 8808 --- [venueon-backend] [           main] com.zaxxer.hikari.HikariDataSource       : HikariPool-1 - Starting...
2026-03-31T12:02:10.931+09:00  INFO 8808 --- [venueon-backend] [           main] com.zaxxer.hikari.pool.HikariPool        : HikariPool-1 - Added connection conn0: url=jdbc:h2:mem:venueon_dev user=SA
2026-03-31T12:02:10.942+09:00  INFO 8808 --- [venueon-backend] [           main] com.zaxxer.hikari.HikariDataSource       : HikariPool-1 - Start completed.
2026-03-31T12:02:11.037+09:00  WARN 8808 --- [venueon-backend] [           main] org.hibernate.orm.deprecation            : HHH90000025: H2Dialect does not need to be specified explicitly using 'hibernate.dialect' (remove the property setting and it will be selected by default)
2026-03-31T12:02:11.130+09:00  INFO 8808 --- [venueon-backend] [           main] org.hibernate.orm.connections.pooling    : HHH10001005: Database info:
	Database JDBC URL [jdbc:h2:mem:venueon_dev]
	Database driver: H2 JDBC Driver
	Database dialect: H2Dialect
	Database version: 2.4.240
	Default catalog/schema: VENUEON_DEV/PUBLIC
	Autocommit mode: undefined/unknown
	Isolation level: READ_COMMITTED [default READ_COMMITTED]
	JDBC fetch size: 100
	Pool: DataSourceConnectionProvider
	Minimum pool size: undefined/unknown
	Maximum pool size: undefined/unknown
2026-03-31T12:02:14.655+09:00  INFO 8808 --- [venueon-backend] [           main] org.hibernate.orm.core                   : HHH000489: No JTA platform available (set 'hibernate.transaction.jta.platform' to enable JTA platform integration)
2026-03-31T12:02:14.733+09:00 DEBUG 8808 --- [venueon-backend] [           main] org.hibernate.SQL                        : 
    drop table if exists categories cascade 
Hibernate: 
    drop table if exists categories cascade 
2026-03-31T12:02:14.736+09:00 DEBUG 8808 --- [venueon-backend] [           main] org.hibernate.SQL                        : 
    drop table if exists comments cascade 
Hibernate: 
    drop table if exists comments cascade 
2026-03-31T12:02:14.738+09:00 DEBUG 8808 --- [venueon-backend] [           main] org.hibernate.SQL                        : 
    drop table if exists communities cascade 
Hibernate: 
    drop table if exists communities cascade 
2026-03-31T12:02:14.738+09:00 DEBUG 8808 --- [venueon-backend] [           main] org.hibernate.SQL                        : 
    drop table if exists community_members cascade 
Hibernate: 
    drop table if exists community_members cascade 
2026-03-31T12:02:14.739+09:00 DEBUG 8808 --- [venueon-backend] [           main] org.hibernate.SQL                        : 
    drop table if exists events cascade 
Hibernate: 
    drop table if exists events cascade 
2026-03-31T12:02:14.739+09:00 DEBUG 8808 --- [venueon-backend] [           main] org.hibernate.SQL                        : 
    drop table if exists orders cascade 
Hibernate: 
    drop table if exists orders cascade 
2026-03-31T12:02:14.740+09:00 DEBUG 8808 --- [venueon-backend] [           main] org.hibernate.SQL                        : 
    drop table if exists posts cascade 
Hibernate: 
    drop table if exists posts cascade 
2026-03-31T12:02:14.740+09:00 DEBUG 8808 --- [venueon-backend] [           main] org.hibernate.SQL                        : 
    drop table if exists users cascade 
Hibernate: 
    drop table if exists users cascade 
2026-03-31T12:02:14.758+09:00 DEBUG 8808 --- [venueon-backend] [           main] org.hibernate.SQL                        : 
    create table categories (
        sort_order integer,
        id bigint generated by default as identity,
        description varchar(255),
        name varchar(255) not null unique,
        primary key (id)
    )
Hibernate: 
    create table categories (
        sort_order integer,
        id bigint generated by default as identity,
        description varchar(255),
        name varchar(255) not null unique,
        primary key (id)
    )
2026-03-31T12:02:14.785+09:00 DEBUG 8808 --- [venueon-backend] [           main] org.hibernate.SQL                        : 
    create table comments (
        author_id bigint not null,
        created_at timestamp(6) not null,
        id bigint generated by default as identity,
        parent_id bigint,
        post_id bigint not null,
        content TEXT not null,
        primary key (id)
    )
Hibernate: 
    create table comments (
        author_id bigint not null,
        created_at timestamp(6) not null,
        id bigint generated by default as identity,
        parent_id bigint,
        post_id bigint not null,
        content TEXT not null,
        primary key (id)
    )
2026-03-31T12:02:14.788+09:00 DEBUG 8808 --- [venueon-backend] [           main] org.hibernate.SQL                        : 
    create table communities (
        is_public boolean,
        member_count integer,
        created_at timestamp(6) not null,
        creator_id bigint not null,
        event_id bigint,
        id bigint generated by default as identity,
        description TEXT,
        name varchar(255) not null,
        thumbnail_url varchar(255),
        primary key (id)
    )
Hibernate: 
    create table communities (
        is_public boolean,
        member_count integer,
        created_at timestamp(6) not null,
        creator_id bigint not null,
        event_id bigint,
        id bigint generated by default as identity,
        description TEXT,
        name varchar(255) not null,
        thumbnail_url varchar(255),
        primary key (id)
    )
2026-03-31T12:02:14.791+09:00 DEBUG 8808 --- [venueon-backend] [           main] org.hibernate.SQL                        : 
    create table community_members (
        community_id bigint not null,
        id bigint generated by default as identity,
        joined_at timestamp(6) not null,
        user_id bigint not null,
        role enum ('ADMIN','MEMBER') not null,
        primary key (id),
        unique (community_id, user_id)
    )
Hibernate: 
    create table community_members (
        community_id bigint not null,
        id bigint generated by default as identity,
        joined_at timestamp(6) not null,
        user_id bigint not null,
        role enum ('ADMIN','MEMBER') not null,
        primary key (id),
        unique (community_id, user_id)
    )
2026-03-31T12:02:14.796+09:00 DEBUG 8808 --- [venueon-backend] [           main] org.hibernate.SQL                        : 
    create table events (
        is_online boolean,
        max_attendees integer,
        price integer not null,
        category_id bigint,
        created_at timestamp(6) not null,
        creator_id bigint not null,
        end_date timestamp(6),
        id bigint generated by default as identity,
        start_date timestamp(6),
        updated_at timestamp(6),
        description TEXT,
        location varchar(255),
        thumbnail_url varchar(255),
        title varchar(255) not null,
        status enum ('CANCELLED','DRAFT','ENDED','ONGOING','PUBLISHED') not null,
        type enum ('CLASS','CONFERENCE','MEETUP','SEMINAR') not null,
        primary key (id)
    )
Hibernate: 
    create table events (
        is_online boolean,
        max_attendees integer,
        price integer not null,
        category_id bigint,
        created_at timestamp(6) not null,
        creator_id bigint not null,
        end_date timestamp(6),
        id bigint generated by default as identity,
        start_date timestamp(6),
        updated_at timestamp(6),
        description TEXT,
        location varchar(255),
        thumbnail_url varchar(255),
        title varchar(255) not null,
        status enum ('CANCELLED','DRAFT','ENDED','ONGOING','PUBLISHED') not null,
        type enum ('CLASS','CONFERENCE','MEETUP','SEMINAR') not null,
        primary key (id)
    )
2026-03-31T12:02:14.800+09:00 DEBUG 8808 --- [venueon-backend] [           main] org.hibernate.SQL                        : 
    create table orders (
        amount integer not null,
        event_id bigint not null,
        id bigint generated by default as identity,
        ordered_at timestamp(6) not null,
        user_id bigint not null,
        status enum ('CANCELLED','PAID','PENDING','REFUNDED','REGISTERED') not null,
        primary key (id)
    )
Hibernate: 
    create table orders (
        amount integer not null,
        event_id bigint not null,
        id bigint generated by default as identity,
        ordered_at timestamp(6) not null,
        user_id bigint not null,
        status enum ('CANCELLED','PAID','PENDING','REFUNDED','REGISTERED') not null,
        primary key (id)
    )
2026-03-31T12:02:14.805+09:00 DEBUG 8808 --- [venueon-backend] [           main] org.hibernate.SQL                        : 
    create table posts (
        comment_count integer,
        view_count integer,
        author_id bigint not null,
        community_id bigint not null,
        created_at timestamp(6) not null,
        id bigint generated by default as identity,
        updated_at timestamp(6),
        content TEXT not null,
        title varchar(255) not null,
        type enum ('GENERAL','NOTICE','QUESTION','REVIEW') not null,
        primary key (id)
    )
Hibernate: 
    create table posts (
        comment_count integer,
        view_count integer,
        author_id bigint not null,
        community_id bigint not null,
        created_at timestamp(6) not null,
        id bigint generated by default as identity,
        updated_at timestamp(6),
        content TEXT not null,
        title varchar(255) not null,
        type enum ('GENERAL','NOTICE','QUESTION','REVIEW') not null,
        primary key (id)
    )
2026-03-31T12:02:14.810+09:00 DEBUG 8808 --- [venueon-backend] [           main] org.hibernate.SQL                        : 
    create table users (
        created_at timestamp(6) not null,
        id bigint generated by default as identity,
        updated_at timestamp(6),
        org_description varchar(1000),
        email varchar(255) not null unique,
        nickname varchar(255) not null,
        org_name varchar(255),
        org_number varchar(255),
        password varchar(255) not null,
        phone varchar(255),
        profile_img varchar(255),
        role enum ('ADMIN','HOST','USER') not null,
        primary key (id)
    )
Hibernate: 
    create table users (
        created_at timestamp(6) not null,
        id bigint generated by default as identity,
        updated_at timestamp(6),
        org_description varchar(1000),
        email varchar(255) not null unique,
        nickname varchar(255) not null,
        org_name varchar(255),
        org_number varchar(255),
        password varchar(255) not null,
        phone varchar(255),
        profile_img varchar(255),
        role enum ('ADMIN','HOST','USER') not null,
        primary key (id)
    )
2026-03-31T12:02:14.815+09:00 DEBUG 8808 --- [venueon-backend] [           main] org.hibernate.SQL                        : 
    alter table if exists comments 
       add constraint FKn2na60ukhs76ibtpt9burkm27 
       foreign key (author_id) 
       references users
Hibernate: 
    alter table if exists comments 
       add constraint FKn2na60ukhs76ibtpt9burkm27 
       foreign key (author_id) 
       references users
2026-03-31T12:02:14.855+09:00 DEBUG 8808 --- [venueon-backend] [           main] org.hibernate.SQL                        : 
    alter table if exists comments 
       add constraint FKlri30okf66phtcgbe5pok7cc0 
       foreign key (parent_id) 
       references comments
Hibernate: 
    alter table if exists comments 
       add constraint FKlri30okf66phtcgbe5pok7cc0 
       foreign key (parent_id) 
       references comments
2026-03-31T12:02:14.860+09:00 DEBUG 8808 --- [venueon-backend] [           main] org.hibernate.SQL                        : 
    alter table if exists comments 
       add constraint FKh4c7lvsc298whoyd4w9ta25cr 
       foreign key (post_id) 
       references posts
Hibernate: 
    alter table if exists comments 
       add constraint FKh4c7lvsc298whoyd4w9ta25cr 
       foreign key (post_id) 
       references posts
2026-03-31T12:02:14.872+09:00 DEBUG 8808 --- [venueon-backend] [           main] org.hibernate.SQL                        : 
    alter table if exists communities 
       add constraint FKehds1lhi1y9a8rweslp1esncn 
       foreign key (creator_id) 
       references users
Hibernate: 
    alter table if exists communities 
       add constraint FKehds1lhi1y9a8rweslp1esncn 
       foreign key (creator_id) 
       references users
2026-03-31T12:02:14.898+09:00 DEBUG 8808 --- [venueon-backend] [           main] org.hibernate.SQL                        : 
    alter table if exists communities 
       add constraint FKhi7jr3il90nrhisu3htfl4ks 
       foreign key (event_id) 
       references events
Hibernate: 
    alter table if exists communities 
       add constraint FKhi7jr3il90nrhisu3htfl4ks 
       foreign key (event_id) 
       references events
2026-03-31T12:02:14.902+09:00 DEBUG 8808 --- [venueon-backend] [           main] org.hibernate.SQL                        : 
    alter table if exists community_members 
       add constraint FKqn9g17tqcwnoy41o2am9fnlep 
       foreign key (community_id) 
       references communities
Hibernate: 
    alter table if exists community_members 
       add constraint FKqn9g17tqcwnoy41o2am9fnlep 
       foreign key (community_id) 
       references communities
2026-03-31T12:02:14.906+09:00 DEBUG 8808 --- [venueon-backend] [           main] org.hibernate.SQL                        : 
    alter table if exists community_members 
       add constraint FKme7k1stbnwi6cpmm8a6sgcikn 
       foreign key (user_id) 
       references users
Hibernate: 
    alter table if exists community_members 
       add constraint FKme7k1stbnwi6cpmm8a6sgcikn 
       foreign key (user_id) 
       references users
2026-03-31T12:02:14.912+09:00 DEBUG 8808 --- [venueon-backend] [           main] org.hibernate.SQL                        : 
    alter table if exists events 
       add constraint FKo6mla8j1p5bokt4dxrlmgwc28 
       foreign key (category_id) 
       references categories
Hibernate: 
    alter table if exists events 
       add constraint FKo6mla8j1p5bokt4dxrlmgwc28 
       foreign key (category_id) 
       references categories
2026-03-31T12:02:14.916+09:00 DEBUG 8808 --- [venueon-backend] [           main] org.hibernate.SQL                        : 
    alter table if exists events 
       add constraint FK7ljm71n1057envlomdxcni5hs 
       foreign key (creator_id) 
       references users
Hibernate: 
    alter table if exists events 
       add constraint FK7ljm71n1057envlomdxcni5hs 
       foreign key (creator_id) 
       references users
2026-03-31T12:02:14.922+09:00 DEBUG 8808 --- [venueon-backend] [           main] org.hibernate.SQL                        : 
    alter table if exists orders 
       add constraint FK43g2yroy6l7lfomw37wajkqrn 
       foreign key (event_id) 
       references events
Hibernate: 
    alter table if exists orders 
       add constraint FK43g2yroy6l7lfomw37wajkqrn 
       foreign key (event_id) 
       references events
2026-03-31T12:02:14.930+09:00 DEBUG 8808 --- [venueon-backend] [           main] org.hibernate.SQL                        : 
    alter table if exists orders 
       add constraint FK32ql8ubntj5uh44ph9659tiih 
       foreign key (user_id) 
       references users
Hibernate: 
    alter table if exists orders 
       add constraint FK32ql8ubntj5uh44ph9659tiih 
       foreign key (user_id) 
       references users
2026-03-31T12:02:14.936+09:00 DEBUG 8808 --- [venueon-backend] [           main] org.hibernate.SQL                        : 
    alter table if exists posts 
       add constraint FK6xvn0811tkyo3nfjk2xvqx6ns 
       foreign key (author_id) 
       references users
Hibernate: 
    alter table if exists posts 
       add constraint FK6xvn0811tkyo3nfjk2xvqx6ns 
       foreign key (author_id) 
       references users
2026-03-31T12:02:14.940+09:00 DEBUG 8808 --- [venueon-backend] [           main] org.hibernate.SQL                        : 
    alter table if exists posts 
       add constraint FK7rk45ficmsfhe8n1dojvqt6ui 
       foreign key (community_id) 
       references communities
Hibernate: 
    alter table if exists posts 
       add constraint FK7rk45ficmsfhe8n1dojvqt6ui 
       foreign key (community_id) 
       references communities
2026-03-31T12:02:14.960+09:00  INFO 8808 --- [venueon-backend] [           main] j.LocalContainerEntityManagerFactoryBean : Initialized JPA EntityManagerFactory for persistence unit 'default'
2026-03-31T12:02:15.262+09:00  INFO 8808 --- [venueon-backend] [           main] o.s.d.j.r.query.QueryEnhancerFactories   : Hibernate is in classpath; If applicable, HQL parser will be used.
2026-03-31T12:02:16.735+09:00  WARN 8808 --- [venueon-backend] [           main] .s.a.UserDetailsServiceAutoConfiguration : 

Using generated security password: 4222bef0-c9cc-4b16-b731-a37f1b38b711

This generated password is for development use only. Your security configuration must be updated before running your application in production.

2026-03-31T12:02:16.757+09:00  INFO 8808 --- [venueon-backend] [           main] r$InitializeUserDetailsManagerConfigurer : Global AuthenticationManager configured with UserDetailsService bean with name inMemoryUserDetailsManager
2026-03-31T12:02:19.148+09:00  INFO 8808 --- [venueon-backend] [           main] o.s.b.a.e.web.EndpointLinksResolver      : Exposing 1 endpoint beneath base path '/actuator'
2026-03-31T12:02:19.527+09:00  INFO 8808 --- [venueon-backend] [           main] o.s.boot.tomcat.TomcatWebServer          : Tomcat started on port 8080 (http) with context path '/'
2026-03-31T12:02:19.551+09:00  INFO 8808 --- [venueon-backend] [           main] com.venueon.VenueOnApplication           : Started VenueOnApplication in 20.177 seconds (process running for 21.284)
2026-03-31T12:02:20.677+09:00 DEBUG 8808 --- [venueon-backend] [           main] org.hibernate.SQL                        : 
    select
        count(*) 
    from
        users uje1_0
Hibernate: 
    select
        count(*) 
    from
        users uje1_0
2026-03-31T12:02:20.762+09:00  INFO 8808 --- [venueon-backend] [           main] c.venueon.common.config.DataInitializer  : === 개발용 초기 데이터 생성 시작 ===
2026-03-31T12:02:21.088+09:00 DEBUG 8808 --- [venueon-backend] [           main] org.hibernate.SQL                        : 
    insert 
    into
        users
        (created_at, email, nickname, org_description, org_name, org_number, password, phone, profile_img, role, updated_at, id) 
    values
        (?, ?, ?, ?, ?, ?, ?, ?, ?, ?, ?, default)
Hibernate: 
    insert 
    into
        users
        (created_at, email, nickname, org_description, org_name, org_number, password, phone, profile_img, role, updated_at, id) 
    values
        (?, ?, ?, ?, ?, ?, ?, ?, ?, ?, ?, default)
2026-03-31T12:02:21.788+09:00 DEBUG 8808 --- [venueon-backend] [           main] org.hibernate.SQL                        : 
    insert 
    into
        users
        (created_at, email, nickname, org_description, org_name, org_number, password, phone, profile_img, role, updated_at, id) 
    values
        (?, ?, ?, ?, ?, ?, ?, ?, ?, ?, ?, default)
Hibernate: 
    insert 
    into
        users
        (created_at, email, nickname, org_description, org_name, org_number, password, phone, profile_img, role, updated_at, id) 
    values
        (?, ?, ?, ?, ?, ?, ?, ?, ?, ?, ?, default)
2026-03-31T12:02:21.793+09:00 DEBUG 8808 --- [venueon-backend] [           main] org.hibernate.SQL                        : 
    insert 
    into
        users
        (created_at, email, nickname, org_description, org_name, org_number, password, phone, profile_img, role, updated_at, id) 
    values
        (?, ?, ?, ?, ?, ?, ?, ?, ?, ?, ?, default)
Hibernate: 
    insert 
    into
        users
        (created_at, email, nickname, org_description, org_name, org_number, password, phone, profile_img, role, updated_at, id) 
    values
        (?, ?, ?, ?, ?, ?, ?, ?, ?, ?, ?, default)
2026-03-31T12:02:21.799+09:00 DEBUG 8808 --- [venueon-backend] [           main] org.hibernate.SQL                        : 
    insert 
    into
        users
        (created_at, email, nickname, org_description, org_name, org_number, password, phone, profile_img, role, updated_at, id) 
    values
        (?, ?, ?, ?, ?, ?, ?, ?, ?, ?, ?, default)
Hibernate: 
    insert 
    into
        users
        (created_at, email, nickname, org_description, org_name, org_number, password, phone, profile_img, role, updated_at, id) 
    values
        (?, ?, ?, ?, ?, ?, ?, ?, ?, ?, ?, default)
2026-03-31T12:02:22.035+09:00 DEBUG 8808 --- [venueon-backend] [           main] org.hibernate.SQL                        : 
    insert 
    into
        users
        (created_at, email, nickname, org_description, org_name, org_number, password, phone, profile_img, role, updated_at, id) 
    values
        (?, ?, ?, ?, ?, ?, ?, ?, ?, ?, ?, default)
Hibernate: 
    insert 
    into
        users
        (created_at, email, nickname, org_description, org_name, org_number, password, phone, profile_img, role, updated_at, id) 
    values
        (?, ?, ?, ?, ?, ?, ?, ?, ?, ?, ?, default)
2026-03-31T12:02:22.043+09:00 DEBUG 8808 --- [venueon-backend] [           main] org.hibernate.SQL                        : 
    insert 
    into
        users
        (created_at, email, nickname, org_description, org_name, org_number, password, phone, profile_img, role, updated_at, id) 
    values
        (?, ?, ?, ?, ?, ?, ?, ?, ?, ?, ?, default)
Hibernate: 
    insert 
    into
        users
        (created_at, email, nickname, org_description, org_name, org_number, password, phone, profile_img, role, updated_at, id) 
    values
        (?, ?, ?, ?, ?, ?, ?, ?, ?, ?, ?, default)
2026-03-31T12:02:22.050+09:00 DEBUG 8808 --- [venueon-backend] [           main] org.hibernate.SQL                        : 
    insert 
    into
        users
        (created_at, email, nickname, org_description, org_name, org_number, password, phone, profile_img, role, updated_at, id) 
    values
        (?, ?, ?, ?, ?, ?, ?, ?, ?, ?, ?, default)
Hibernate: 
    insert 
    into
        users
        (created_at, email, nickname, org_description, org_name, org_number, password, phone, profile_img, role, updated_at, id) 
    values
        (?, ?, ?, ?, ?, ?, ?, ?, ?, ?, ?, default)
2026-03-31T12:02:22.053+09:00 DEBUG 8808 --- [venueon-backend] [           main] org.hibernate.SQL                        : 
    insert 
    into
        users
        (created_at, email, nickname, org_description, org_name, org_number, password, phone, profile_img, role, updated_at, id) 
    values
        (?, ?, ?, ?, ?, ?, ?, ?, ?, ?, ?, default)
Hibernate: 
    insert 
    into
        users
        (created_at, email, nickname, org_description, org_name, org_number, password, phone, profile_img, role, updated_at, id) 
    values
        (?, ?, ?, ?, ?, ?, ?, ?, ?, ?, ?, default)
2026-03-31T12:02:22.057+09:00 DEBUG 8808 --- [venueon-backend] [           main] org.hibernate.SQL                        : 
    insert 
    into
        users
        (created_at, email, nickname, org_description, org_name, org_number, password, phone, profile_img, role, updated_at, id) 
    values
        (?, ?, ?, ?, ?, ?, ?, ?, ?, ?, ?, default)
Hibernate: 
    insert 
    into
        users
        (created_at, email, nickname, org_description, org_name, org_number, password, phone, profile_img, role, updated_at, id) 
    values
        (?, ?, ?, ?, ?, ?, ?, ?, ?, ?, ?, default)
2026-03-31T12:02:22.065+09:00 DEBUG 8808 --- [venueon-backend] [           main] org.hibernate.SQL                        : 
    insert 
    into
        users
        (created_at, email, nickname, org_description, org_name, org_number, password, phone, profile_img, role, updated_at, id) 
    values
        (?, ?, ?, ?, ?, ?, ?, ?, ?, ?, ?, default)
Hibernate: 
    insert 
    into
        users
        (created_at, email, nickname, org_description, org_name, org_number, password, phone, profile_img, role, updated_at, id) 
    values
        (?, ?, ?, ?, ?, ?, ?, ?, ?, ?, ?, default)
2026-03-31T12:02:22.069+09:00 DEBUG 8808 --- [venueon-backend] [           main] org.hibernate.SQL                        : 
    insert 
    into
        users
        (created_at, email, nickname, org_description, org_name, org_number, password, phone, profile_img, role, updated_at, id) 
    values
        (?, ?, ?, ?, ?, ?, ?, ?, ?, ?, ?, default)
Hibernate: 
    insert 
    into
        users
        (created_at, email, nickname, org_description, org_name, org_number, password, phone, profile_img, role, updated_at, id) 
    values
        (?, ?, ?, ?, ?, ?, ?, ?, ?, ?, ?, default)
2026-03-31T12:02:22.073+09:00 DEBUG 8808 --- [venueon-backend] [           main] org.hibernate.SQL                        : 
    insert 
    into
        users
        (created_at, email, nickname, org_description, org_name, org_number, password, phone, profile_img, role, updated_at, id) 
    values
        (?, ?, ?, ?, ?, ?, ?, ?, ?, ?, ?, default)
Hibernate: 
    insert 
    into
        users
        (created_at, email, nickname, org_description, org_name, org_number, password, phone, profile_img, role, updated_at, id) 
    values
        (?, ?, ?, ?, ?, ?, ?, ?, ?, ?, ?, default)
2026-03-31T12:02:22.079+09:00 DEBUG 8808 --- [venueon-backend] [           main] org.hibernate.SQL                        : 
    insert 
    into
        users
        (created_at, email, nickname, org_description, org_name, org_number, password, phone, profile_img, role, updated_at, id) 
    values
        (?, ?, ?, ?, ?, ?, ?, ?, ?, ?, ?, default)
Hibernate: 
    insert 
    into
        users
        (created_at, email, nickname, org_description, org_name, org_number, password, phone, profile_img, role, updated_at, id) 
    values
        (?, ?, ?, ?, ?, ?, ?, ?, ?, ?, ?, default)
2026-03-31T12:02:22.088+09:00 DEBUG 8808 --- [venueon-backend] [           main] org.hibernate.SQL                        : 
    insert 
    into
        users
        (created_at, email, nickname, org_description, org_name, org_number, password, phone, profile_img, role, updated_at, id) 
    values
        (?, ?, ?, ?, ?, ?, ?, ?, ?, ?, ?, default)
Hibernate: 
    insert 
    into
        users
        (created_at, email, nickname, org_description, org_name, org_number, password, phone, profile_img, role, updated_at, id) 
    values
        (?, ?, ?, ?, ?, ?, ?, ?, ?, ?, ?, default)
2026-03-31T12:02:22.097+09:00 DEBUG 8808 --- [venueon-backend] [           main] org.hibernate.SQL                        : 
    insert 
    into
        categories
        (description, name, sort_order, id) 
    values
        (?, ?, ?, default)
Hibernate: 
    insert 
    into
        categories
        (description, name, sort_order, id) 
    values
        (?, ?, ?, default)
2026-03-31T12:02:22.098+09:00 DEBUG 8808 --- [venueon-backend] [           main] org.hibernate.SQL                        : 
    insert 
    into
        categories
        (description, name, sort_order, id) 
    values
        (?, ?, ?, default)
Hibernate: 
    insert 
    into
        categories
        (description, name, sort_order, id) 
    values
        (?, ?, ?, default)
2026-03-31T12:02:22.098+09:00 DEBUG 8808 --- [venueon-backend] [           main] org.hibernate.SQL                        : 
    insert 
    into
        categories
        (description, name, sort_order, id) 
    values
        (?, ?, ?, default)
Hibernate: 
    insert 
    into
        categories
        (description, name, sort_order, id) 
    values
        (?, ?, ?, default)
2026-03-31T12:02:22.105+09:00 DEBUG 8808 --- [venueon-backend] [           main] org.hibernate.SQL                        : 
    insert 
    into
        categories
        (description, name, sort_order, id) 
    values
        (?, ?, ?, default)
Hibernate: 
    insert 
    into
        categories
        (description, name, sort_order, id) 
    values
        (?, ?, ?, default)
2026-03-31T12:02:22.107+09:00 DEBUG 8808 --- [venueon-backend] [           main] org.hibernate.SQL                        : 
    insert 
    into
        categories
        (description, name, sort_order, id) 
    values
        (?, ?, ?, default)
Hibernate: 
    insert 
    into
        categories
        (description, name, sort_order, id) 
    values
        (?, ?, ?, default)
2026-03-31T12:02:22.110+09:00 DEBUG 8808 --- [venueon-backend] [           main] org.hibernate.SQL                        : 
    insert 
    into
        categories
        (description, name, sort_order, id) 
    values
        (?, ?, ?, default)
Hibernate: 
    insert 
    into
        categories
        (description, name, sort_order, id) 
    values
        (?, ?, ?, default)
2026-03-31T12:02:22.112+09:00 DEBUG 8808 --- [venueon-backend] [           main] org.hibernate.SQL                        : 
    insert 
    into
        categories
        (description, name, sort_order, id) 
    values
        (?, ?, ?, default)
Hibernate: 
    insert 
    into
        categories
        (description, name, sort_order, id) 
    values
        (?, ?, ?, default)
2026-03-31T12:02:22.115+09:00 DEBUG 8808 --- [venueon-backend] [           main] org.hibernate.SQL                        : 
    insert 
    into
        categories
        (description, name, sort_order, id) 
    values
        (?, ?, ?, default)
Hibernate: 
    insert 
    into
        categories
        (description, name, sort_order, id) 
    values
        (?, ?, ?, default)
2026-03-31T12:02:22.118+09:00 DEBUG 8808 --- [venueon-backend] [           main] org.hibernate.SQL                        : 
    insert 
    into
        categories
        (description, name, sort_order, id) 
    values
        (?, ?, ?, default)
Hibernate: 
    insert 
    into
        categories
        (description, name, sort_order, id) 
    values
        (?, ?, ?, default)
2026-03-31T12:02:22.121+09:00 DEBUG 8808 --- [venueon-backend] [           main] org.hibernate.SQL                        : 
    insert 
    into
        categories
        (description, name, sort_order, id) 
    values
        (?, ?, ?, default)
Hibernate: 
    insert 
    into
        categories
        (description, name, sort_order, id) 
    values
        (?, ?, ?, default)
2026-03-31T12:02:22.132+09:00 DEBUG 8808 --- [venueon-backend] [           main] org.hibernate.SQL                        : 
    insert 
    into
        events
        (category_id, created_at, creator_id, description, end_date, is_online, location, max_attendees, price, start_date, status, thumbnail_url, title, type, updated_at, id) 
    values
        (?, ?, ?, ?, ?, ?, ?, ?, ?, ?, ?, ?, ?, ?, ?, default)
Hibernate: 
    insert 
    into
        events
        (category_id, created_at, creator_id, description, end_date, is_online, location, max_attendees, price, start_date, status, thumbnail_url, title, type, updated_at, id) 
    values
        (?, ?, ?, ?, ?, ?, ?, ?, ?, ?, ?, ?, ?, ?, ?, default)
2026-03-31T12:02:22.138+09:00 DEBUG 8808 --- [venueon-backend] [           main] org.hibernate.SQL                        : 
    insert 
    into
        events
        (category_id, created_at, creator_id, description, end_date, is_online, location, max_attendees, price, start_date, status, thumbnail_url, title, type, updated_at, id) 
    values
        (?, ?, ?, ?, ?, ?, ?, ?, ?, ?, ?, ?, ?, ?, ?, default)
Hibernate: 
    insert 
    into
        events
        (category_id, created_at, creator_id, description, end_date, is_online, location, max_attendees, price, start_date, status, thumbnail_url, title, type, updated_at, id) 
    values
        (?, ?, ?, ?, ?, ?, ?, ?, ?, ?, ?, ?, ?, ?, ?, default)
2026-03-31T12:02:22.145+09:00 DEBUG 8808 --- [venueon-backend] [           main] org.hibernate.SQL                        : 
    insert 
    into
        events
        (category_id, created_at, creator_id, description, end_date, is_online, location, max_attendees, price, start_date, status, thumbnail_url, title, type, updated_at, id) 
    values
        (?, ?, ?, ?, ?, ?, ?, ?, ?, ?, ?, ?, ?, ?, ?, default)
Hibernate: 
    insert 
    into
        events
        (category_id, created_at, creator_id, description, end_date, is_online, location, max_attendees, price, start_date, status, thumbnail_url, title, type, updated_at, id) 
    values
        (?, ?, ?, ?, ?, ?, ?, ?, ?, ?, ?, ?, ?, ?, ?, default)
2026-03-31T12:02:22.148+09:00 DEBUG 8808 --- [venueon-backend] [           main] org.hibernate.SQL                        : 
    insert 
    into
        events
        (category_id, created_at, creator_id, description, end_date, is_online, location, max_attendees, price, start_date, status, thumbnail_url, title, type, updated_at, id) 
    values
        (?, ?, ?, ?, ?, ?, ?, ?, ?, ?, ?, ?, ?, ?, ?, default)
Hibernate: 
    insert 
    into
        events
        (category_id, created_at, creator_id, description, end_date, is_online, location, max_attendees, price, start_date, status, thumbnail_url, title, type, updated_at, id) 
    values
        (?, ?, ?, ?, ?, ?, ?, ?, ?, ?, ?, ?, ?, ?, ?, default)
2026-03-31T12:02:22.154+09:00 DEBUG 8808 --- [venueon-backend] [           main] org.hibernate.SQL                        : 
    insert 
    into
        events
        (category_id, created_at, creator_id, description, end_date, is_online, location, max_attendees, price, start_date, status, thumbnail_url, title, type, updated_at, id) 
    values
        (?, ?, ?, ?, ?, ?, ?, ?, ?, ?, ?, ?, ?, ?, ?, default)
Hibernate: 
    insert 
    into
        events
        (category_id, created_at, creator_id, description, end_date, is_online, location, max_attendees, price, start_date, status, thumbnail_url, title, type, updated_at, id) 
    values
        (?, ?, ?, ?, ?, ?, ?, ?, ?, ?, ?, ?, ?, ?, ?, default)
2026-03-31T12:02:22.165+09:00 DEBUG 8808 --- [venueon-backend] [           main] org.hibernate.SQL                        : 
    insert 
    into
        events
        (category_id, created_at, creator_id, description, end_date, is_online, location, max_attendees, price, start_date, status, thumbnail_url, title, type, updated_at, id) 
    values
        (?, ?, ?, ?, ?, ?, ?, ?, ?, ?, ?, ?, ?, ?, ?, default)
Hibernate: 
    insert 
    into
        events
        (category_id, created_at, creator_id, description, end_date, is_online, location, max_attendees, price, start_date, status, thumbnail_url, title, type, updated_at, id) 
    values
        (?, ?, ?, ?, ?, ?, ?, ?, ?, ?, ?, ?, ?, ?, ?, default)
2026-03-31T12:02:22.181+09:00 DEBUG 8808 --- [venueon-backend] [           main] org.hibernate.SQL                        : 
    insert 
    into
        events
        (category_id, created_at, creator_id, description, end_date, is_online, location, max_attendees, price, start_date, status, thumbnail_url, title, type, updated_at, id) 
    values
        (?, ?, ?, ?, ?, ?, ?, ?, ?, ?, ?, ?, ?, ?, ?, default)
Hibernate: 
    insert 
    into
        events
        (category_id, created_at, creator_id, description, end_date, is_online, location, max_attendees, price, start_date, status, thumbnail_url, title, type, updated_at, id) 
    values
        (?, ?, ?, ?, ?, ?, ?, ?, ?, ?, ?, ?, ?, ?, ?, default)
2026-03-31T12:02:22.195+09:00 DEBUG 8808 --- [venueon-backend] [           main] org.hibernate.SQL                        : 
    insert 
    into
        events
        (category_id, created_at, creator_id, description, end_date, is_online, location, max_attendees, price, start_date, status, thumbnail_url, title, type, updated_at, id) 
    values
        (?, ?, ?, ?, ?, ?, ?, ?, ?, ?, ?, ?, ?, ?, ?, default)
Hibernate: 
    insert 
    into
        events
        (category_id, created_at, creator_id, description, end_date, is_online, location, max_attendees, price, start_date, status, thumbnail_url, title, type, updated_at, id) 
    values
        (?, ?, ?, ?, ?, ?, ?, ?, ?, ?, ?, ?, ?, ?, ?, default)
2026-03-31T12:02:22.199+09:00 DEBUG 8808 --- [venueon-backend] [           main] org.hibernate.SQL                        : 
    insert 
    into
        events
        (category_id, created_at, creator_id, description, end_date, is_online, location, max_attendees, price, start_date, status, thumbnail_url, title, type, updated_at, id) 
    values
        (?, ?, ?, ?, ?, ?, ?, ?, ?, ?, ?, ?, ?, ?, ?, default)
Hibernate: 
    insert 
    into
        events
        (category_id, created_at, creator_id, description, end_date, is_online, location, max_attendees, price, start_date, status, thumbnail_url, title, type, updated_at, id) 
    values
        (?, ?, ?, ?, ?, ?, ?, ?, ?, ?, ?, ?, ?, ?, ?, default)
2026-03-31T12:02:22.216+09:00 DEBUG 8808 --- [venueon-backend] [           main] org.hibernate.SQL                        : 
    insert 
    into
        events
        (category_id, created_at, creator_id, description, end_date, is_online, location, max_attendees, price, start_date, status, thumbnail_url, title, type, updated_at, id) 
    values
        (?, ?, ?, ?, ?, ?, ?, ?, ?, ?, ?, ?, ?, ?, ?, default)
Hibernate: 
    insert 
    into
        events
        (category_id, created_at, creator_id, description, end_date, is_online, location, max_attendees, price, start_date, status, thumbnail_url, title, type, updated_at, id) 
    values
        (?, ?, ?, ?, ?, ?, ?, ?, ?, ?, ?, ?, ?, ?, ?, default)
2026-03-31T12:02:22.228+09:00  INFO 8808 --- [venueon-backend] [           main] c.venueon.common.config.DataInitializer  : === 개발용 초기 데이터 생성 완료 ===
2026-03-31T12:02:22.229+09:00  INFO 8808 --- [venueon-backend] [           main] c.venueon.common.config.DataInitializer  : Admin: 1명, User: 3명, Host: 10명
2026-03-31T12:02:22.229+09:00  INFO 8808 --- [venueon-backend] [           main] c.venueon.common.config.DataInitializer  : Category: 10개, Event: 10개
2026-03-31T12:03:00.601+09:00  INFO 8808 --- [venueon-backend] [nio-8080-exec-1] o.a.c.c.C.[Tomcat].[localhost].[/]       : Initializing Spring DispatcherServlet 'dispatcherServlet'
2026-03-31T12:03:00.602+09:00  INFO 8808 --- [venueon-backend] [nio-8080-exec-1] o.s.web.servlet.DispatcherServlet        : Initializing Servlet 'dispatcherServlet'
2026-03-31T12:03:00.604+09:00  INFO 8808 --- [venueon-backend] [nio-8080-exec-1] o.s.web.servlet.DispatcherServlet        : Completed initialization in 2 ms
2026-03-31T12:03:00.691+09:00 ERROR 8808 --- [venueon-backend] [nio-8080-exec-1] c.v.c.exception.GlobalExceptionHandler   : Exception: No static resource h2-console for request '/h2-console'.

org.springframework.web.servlet.resource.NoResourceFoundException: No static resource h2-console for request '/h2-console'.
	at org.springframework.web.servlet.resource.ResourceHttpRequestHandler.handleRequest(ResourceHttpRequestHandler.java:527) ~[spring-webmvc-7.0.2.jar:7.0.2]
	at org.springframework.web.servlet.mvc.HttpRequestHandlerAdapter.handle(HttpRequestHandlerAdapter.java:50) ~[spring-webmvc-7.0.2.jar:7.0.2]
	at org.springframework.web.servlet.DispatcherServlet.doDispatch(DispatcherServlet.java:963) ~[spring-webmvc-7.0.2.jar:7.0.2]
	at org.springframework.web.servlet.DispatcherServlet.doService(DispatcherServlet.java:866) ~[spring-webmvc-7.0.2.jar:7.0.2]
	at org.springframework.web.servlet.FrameworkServlet.processRequest(FrameworkServlet.java:1003) ~[spring-webmvc-7.0.2.jar:7.0.2]
	at org.springframework.web.servlet.FrameworkServlet.doGet(FrameworkServlet.java:892) ~[spring-webmvc-7.0.2.jar:7.0.2]
	at jakarta.servlet.http.HttpServlet.service(HttpServlet.java:622) ~[tomcat-embed-core-11.0.15.jar:6.1]
	at org.springframework.web.servlet.FrameworkServlet.service(FrameworkServlet.java:874) ~[spring-webmvc-7.0.2.jar:7.0.2]
	at jakarta.servlet.http.HttpServlet.service(HttpServlet.java:710) ~[tomcat-embed-core-11.0.15.jar:6.1]
	at org.apache.catalina.core.ApplicationFilterChain.doFilter(ApplicationFilterChain.java:128) ~[tomcat-embed-core-11.0.15.jar:11.0.15]
	at org.apache.tomcat.websocket.server.WsFilter.doFilter(WsFilter.java:53) ~[tomcat-embed-websocket-11.0.15.jar:11.0.15]
	at org.apache.catalina.core.ApplicationFilterChain.doFilter(ApplicationFilterChain.java:107) ~[tomcat-embed-core-11.0.15.jar:11.0.15]
	at org.springframework.web.filter.CompositeFilter$VirtualFilterChain.doFilter(CompositeFilter.java:108) ~[spring-web-7.0.2.jar:7.0.2]
	at org.springframework.security.web.FilterChainProxy.lambda$doFilterInternal$3(FilterChainProxy.java:235) ~[spring-security-web-7.0.2.jar:7.0.2]
	at org.springframework.security.web.ObservationFilterChainDecorator$FilterObservation$SimpleFilterObservation.lambda$wrap$1(ObservationFilterChainDecorator.java:493) ~[spring-security-web-7.0.2.jar:7.0.2]
	at org.springframework.security.web.ObservationFilterChainDecorator$AroundFilterObservation$SimpleAroundFilterObservation.lambda$wrap$1(ObservationFilterChainDecorator.java:354) ~[spring-security-web-7.0.2.jar:7.0.2]
	at org.springframework.security.web.ObservationFilterChainDecorator.lambda$wrapSecured$0(ObservationFilterChainDecorator.java:86) ~[spring-security-web-7.0.2.jar:7.0.2]
	at org.springframework.security.web.ObservationFilterChainDecorator$VirtualFilterChain.doFilter(ObservationFilterChainDecorator.java:132) ~[spring-security-web-7.0.2.jar:7.0.2]
	at org.springframework.security.web.access.intercept.AuthorizationFilter.doFilter(AuthorizationFilter.java:101) ~[spring-security-web-7.0.2.jar:7.0.2]
	at org.springframework.security.web.ObservationFilterChainDecorator$ObservationFilter.wrapFilter(ObservationFilterChainDecorator.java:244) ~[spring-security-web-7.0.2.jar:7.0.2]
	at org.springframework.security.web.ObservationFilterChainDecorator$ObservationFilter.doFilter(ObservationFilterChainDecorator.java:231) ~[spring-security-web-7.0.2.jar:7.0.2]
	at org.springframework.security.web.ObservationFilterChainDecorator$VirtualFilterChain.doFilter(ObservationFilterChainDecorator.java:141) ~[spring-security-web-7.0.2.jar:7.0.2]
	at org.springframework.security.web.access.ExceptionTranslationFilter.doFilter(ExceptionTranslationFilter.java:126) ~[spring-security-web-7.0.2.jar:7.0.2]
	at org.springframework.security.web.access.ExceptionTranslationFilter.doFilter(ExceptionTranslationFilter.java:120) ~[spring-security-web-7.0.2.jar:7.0.2]
	at org.springframework.security.web.ObservationFilterChainDecorator$ObservationFilter.wrapFilter(ObservationFilterChainDecorator.java:244) ~[spring-security-web-7.0.2.jar:7.0.2]
	at org.springframework.security.web.ObservationFilterChainDecorator$ObservationFilter.doFilter(ObservationFilterChainDecorator.java:231) ~[spring-security-web-7.0.2.jar:7.0.2]
	at org.springframework.security.web.ObservationFilterChainDecorator$VirtualFilterChain.doFilter(ObservationFilterChainDecorator.java:141) ~[spring-security-web-7.0.2.jar:7.0.2]
	at org.springframework.security.web.authentication.AnonymousAuthenticationFilter.doFilter(AnonymousAuthenticationFilter.java:100) ~[spring-security-web-7.0.2.jar:7.0.2]
	at org.springframework.security.web.ObservationFilterChainDecorator$ObservationFilter.wrapFilter(ObservationFilterChainDecorator.java:244) ~[spring-security-web-7.0.2.jar:7.0.2]
	at org.springframework.security.web.ObservationFilterChainDecorator$ObservationFilter.doFilter(ObservationFilterChainDecorator.java:231) ~[spring-security-web-7.0.2.jar:7.0.2]
	at org.springframework.security.web.ObservationFilterChainDecorator$VirtualFilterChain.doFilter(ObservationFilterChainDecorator.java:141) ~[spring-security-web-7.0.2.jar:7.0.2]
	at org.springframework.security.web.servletapi.SecurityContextHolderAwareRequestFilter.doFilter(SecurityContextHolderAwareRequestFilter.java:181) ~[spring-security-web-7.0.2.jar:7.0.2]
	at org.springframework.security.web.ObservationFilterChainDecorator$ObservationFilter.wrapFilter(ObservationFilterChainDecorator.java:244) ~[spring-security-web-7.0.2.jar:7.0.2]
	at org.springframework.security.web.ObservationFilterChainDecorator$ObservationFilter.doFilter(ObservationFilterChainDecorator.java:231) ~[spring-security-web-7.0.2.jar:7.0.2]
	at org.springframework.security.web.ObservationFilterChainDecorator$VirtualFilterChain.doFilter(ObservationFilterChainDecorator.java:141) ~[spring-security-web-7.0.2.jar:7.0.2]
	at org.springframework.security.web.savedrequest.RequestCacheAwareFilter.doFilter(RequestCacheAwareFilter.java:63) ~[spring-security-web-7.0.2.jar:7.0.2]
	at org.springframework.security.web.ObservationFilterChainDecorator$ObservationFilter.wrapFilter(ObservationFilterChainDecorator.java:244) ~[spring-security-web-7.0.2.jar:7.0.2]
	at org.springframework.security.web.ObservationFilterChainDecorator$ObservationFilter.doFilter(ObservationFilterChainDecorator.java:231) ~[spring-security-web-7.0.2.jar:7.0.2]
	at org.springframework.security.web.ObservationFilterChainDecorator$VirtualFilterChain.doFilter(ObservationFilterChainDecorator.java:141) ~[spring-security-web-7.0.2.jar:7.0.2]
	at org.springframework.security.web.authentication.logout.LogoutFilter.doFilter(LogoutFilter.java:110) ~[spring-security-web-7.0.2.jar:7.0.2]
	at org.springframework.security.web.authentication.logout.LogoutFilter.doFilter(LogoutFilter.java:96) ~[spring-security-web-7.0.2.jar:7.0.2]
	at org.springframework.security.web.ObservationFilterChainDecorator$ObservationFilter.wrapFilter(ObservationFilterChainDecorator.java:244) ~[spring-security-web-7.0.2.jar:7.0.2]
	at org.springframework.security.web.ObservationFilterChainDecorator$ObservationFilter.doFilter(ObservationFilterChainDecorator.java:231) ~[spring-security-web-7.0.2.jar:7.0.2]
	at org.springframework.security.web.ObservationFilterChainDecorator$VirtualFilterChain.doFilter(ObservationFilterChainDecorator.java:141) ~[spring-security-web-7.0.2.jar:7.0.2]
	at org.springframework.security.web.header.HeaderWriterFilter.doHeadersAfter(HeaderWriterFilter.java:90) ~[spring-security-web-7.0.2.jar:7.0.2]
	at org.springframework.security.web.header.HeaderWriterFilter.doFilterInternal(HeaderWriterFilter.java:75) ~[spring-security-web-7.0.2.jar:7.0.2]
	at org.springframework.web.filter.OncePerRequestFilter.doFilter(OncePerRequestFilter.java:116) ~[spring-web-7.0.2.jar:7.0.2]
	at org.springframework.security.web.ObservationFilterChainDecorator$ObservationFilter.wrapFilter(ObservationFilterChainDecorator.java:244) ~[spring-security-web-7.0.2.jar:7.0.2]
	at org.springframework.security.web.ObservationFilterChainDecorator$ObservationFilter.doFilter(ObservationFilterChainDecorator.java:231) ~[spring-security-web-7.0.2.jar:7.0.2]
	at org.springframework.security.web.ObservationFilterChainDecorator$VirtualFilterChain.doFilter(ObservationFilterChainDecorator.java:141) ~[spring-security-web-7.0.2.jar:7.0.2]
	at org.springframework.security.web.context.SecurityContextHolderFilter.doFilter(SecurityContextHolderFilter.java:82) ~[spring-security-web-7.0.2.jar:7.0.2]
	at org.springframework.security.web.context.SecurityContextHolderFilter.doFilter(SecurityContextHolderFilter.java:69) ~[spring-security-web-7.0.2.jar:7.0.2]
	at org.springframework.security.web.ObservationFilterChainDecorator$ObservationFilter.wrapFilter(ObservationFilterChainDecorator.java:244) ~[spring-security-web-7.0.2.jar:7.0.2]
	at org.springframework.security.web.ObservationFilterChainDecorator$ObservationFilter.doFilter(ObservationFilterChainDecorator.java:231) ~[spring-security-web-7.0.2.jar:7.0.2]
	at org.springframework.security.web.ObservationFilterChainDecorator$VirtualFilterChain.doFilter(ObservationFilterChainDecorator.java:141) ~[spring-security-web-7.0.2.jar:7.0.2]
	at org.springframework.security.web.context.request.async.WebAsyncManagerIntegrationFilter.doFilterInternal(WebAsyncManagerIntegrationFilter.java:62) ~[spring-security-web-7.0.2.jar:7.0.2]
	at org.springframework.web.filter.OncePerRequestFilter.doFilter(OncePerRequestFilter.java:116) ~[spring-web-7.0.2.jar:7.0.2]
	at org.springframework.security.web.ObservationFilterChainDecorator$ObservationFilter.wrapFilter(ObservationFilterChainDecorator.java:244) ~[spring-security-web-7.0.2.jar:7.0.2]
	at org.springframework.security.web.ObservationFilterChainDecorator$ObservationFilter.doFilter(ObservationFilterChainDecorator.java:231) ~[spring-security-web-7.0.2.jar:7.0.2]
	at org.springframework.security.web.ObservationFilterChainDecorator$VirtualFilterChain.doFilter(ObservationFilterChainDecorator.java:141) ~[spring-security-web-7.0.2.jar:7.0.2]
	at org.springframework.security.web.session.DisableEncodeUrlFilter.doFilterInternal(DisableEncodeUrlFilter.java:42) ~[spring-security-web-7.0.2.jar:7.0.2]
	at org.springframework.web.filter.OncePerRequestFilter.doFilter(OncePerRequestFilter.java:116) ~[spring-web-7.0.2.jar:7.0.2]
	at org.springframework.security.web.ObservationFilterChainDecorator$ObservationFilter.wrapFilter(ObservationFilterChainDecorator.java:244) ~[spring-security-web-7.0.2.jar:7.0.2]
	at org.springframework.security.web.ObservationFilterChainDecorator$AroundFilterObservation$SimpleAroundFilterObservation.lambda$wrap$0(ObservationFilterChainDecorator.java:337) ~[spring-security-web-7.0.2.jar:7.0.2]
	at org.springframework.security.web.ObservationFilterChainDecorator$ObservationFilter.doFilter(ObservationFilterChainDecorator.java:228) ~[spring-security-web-7.0.2.jar:7.0.2]
	at org.springframework.security.web.ObservationFilterChainDecorator$VirtualFilterChain.doFilter(ObservationFilterChainDecorator.java:141) ~[spring-security-web-7.0.2.jar:7.0.2]
	at org.springframework.security.web.FilterChainProxy.doFilterInternal(FilterChainProxy.java:237) ~[spring-security-web-7.0.2.jar:7.0.2]
	at org.springframework.security.web.FilterChainProxy.doFilter(FilterChainProxy.java:195) ~[spring-security-web-7.0.2.jar:7.0.2]
	at org.springframework.web.filter.CompositeFilter$VirtualFilterChain.doFilter(CompositeFilter.java:113) ~[spring-web-7.0.2.jar:7.0.2]
	at org.springframework.web.filter.ServletRequestPathFilter.doFilter(ServletRequestPathFilter.java:52) ~[spring-web-7.0.2.jar:7.0.2]
	at org.springframework.web.filter.CompositeFilter$VirtualFilterChain.doFilter(CompositeFilter.java:113) ~[spring-web-7.0.2.jar:7.0.2]
	at org.springframework.web.filter.CompositeFilter.doFilter(CompositeFilter.java:74) ~[spring-web-7.0.2.jar:7.0.2]
	at org.springframework.security.config.annotation.web.configuration.WebSecurityConfiguration$CompositeFilterChainProxy.doFilter(WebSecurityConfiguration.java:317) ~[spring-security-config-7.0.2.jar:7.0.2]
	at org.springframework.web.filter.DelegatingFilterProxy.invokeDelegate(DelegatingFilterProxy.java:355) ~[spring-web-7.0.2.jar:7.0.2]
	at org.springframework.web.filter.DelegatingFilterProxy.doFilter(DelegatingFilterProxy.java:272) ~[spring-web-7.0.2.jar:7.0.2]
	at org.apache.catalina.core.ApplicationFilterChain.doFilter(ApplicationFilterChain.java:107) ~[tomcat-embed-core-11.0.15.jar:11.0.15]
	at org.springframework.web.filter.RequestContextFilter.doFilterInternal(RequestContextFilter.java:100) ~[spring-web-7.0.2.jar:7.0.2]
	at org.springframework.web.filter.OncePerRequestFilter.doFilter(OncePerRequestFilter.java:116) ~[spring-web-7.0.2.jar:7.0.2]
	at org.apache.catalina.core.ApplicationFilterChain.doFilter(ApplicationFilterChain.java:107) ~[tomcat-embed-core-11.0.15.jar:11.0.15]
	at org.springframework.web.filter.FormContentFilter.doFilterInternal(FormContentFilter.java:93) ~[spring-web-7.0.2.jar:7.0.2]
	at org.springframework.web.filter.OncePerRequestFilter.doFilter(OncePerRequestFilter.java:116) ~[spring-web-7.0.2.jar:7.0.2]
	at org.apache.catalina.core.ApplicationFilterChain.doFilter(ApplicationFilterChain.java:107) ~[tomcat-embed-core-11.0.15.jar:11.0.15]
	at org.springframework.web.filter.ServerHttpObservationFilter.doFilterInternal(ServerHttpObservationFilter.java:110) ~[spring-web-7.0.2.jar:7.0.2]
	at org.springframework.web.filter.OncePerRequestFilter.doFilter(OncePerRequestFilter.java:116) ~[spring-web-7.0.2.jar:7.0.2]
	at org.apache.catalina.core.ApplicationFilterChain.doFilter(ApplicationFilterChain.java:107) ~[tomcat-embed-core-11.0.15.jar:11.0.15]
	at org.springframework.web.filter.CharacterEncodingFilter.doFilterInternal(CharacterEncodingFilter.java:199) ~[spring-web-7.0.2.jar:7.0.2]
	at org.springframework.web.filter.OncePerRequestFilter.doFilter(OncePerRequestFilter.java:116) ~[spring-web-7.0.2.jar:7.0.2]
	at org.apache.catalina.core.ApplicationFilterChain.doFilter(ApplicationFilterChain.java:107) ~[tomcat-embed-core-11.0.15.jar:11.0.15]
	at org.apache.catalina.core.StandardWrapperValve.invoke(StandardWrapperValve.java:165) ~[tomcat-embed-core-11.0.15.jar:11.0.15]
	at org.apache.catalina.core.StandardContextValve.invoke(StandardContextValve.java:77) ~[tomcat-embed-core-11.0.15.jar:11.0.15]
	at org.apache.catalina.authenticator.AuthenticatorBase.invoke(AuthenticatorBase.java:482) ~[tomcat-embed-core-11.0.15.jar:11.0.15]
	at org.apache.catalina.core.StandardHostValve.invoke(StandardHostValve.java:113) ~[tomcat-embed-core-11.0.15.jar:11.0.15]
	at org.apache.catalina.valves.ErrorReportValve.invoke(ErrorReportValve.java:83) ~[tomcat-embed-core-11.0.15.jar:11.0.15]
	at org.apache.catalina.core.StandardEngineValve.invoke(StandardEngineValve.java:72) ~[tomcat-embed-core-11.0.15.jar:11.0.15]
	at org.apache.catalina.connector.CoyoteAdapter.service(CoyoteAdapter.java:341) ~[tomcat-embed-core-11.0.15.jar:11.0.15]
	at org.apache.coyote.http11.Http11Processor.service(Http11Processor.java:397) ~[tomcat-embed-core-11.0.15.jar:11.0.15]
	at org.apache.coyote.AbstractProcessorLight.process(AbstractProcessorLight.java:63) ~[tomcat-embed-core-11.0.15.jar:11.0.15]
	at org.apache.coyote.AbstractProtocol$ConnectionHandler.process(AbstractProtocol.java:903) ~[tomcat-embed-core-11.0.15.jar:11.0.15]
	at org.apache.tomcat.util.net.NioEndpoint$SocketProcessor.doRun(NioEndpoint.java:1778) ~[tomcat-embed-core-11.0.15.jar:11.0.15]
	at org.apache.tomcat.util.net.SocketProcessorBase.run(SocketProcessorBase.java:52) ~[tomcat-embed-core-11.0.15.jar:11.0.15]
	at org.apache.tomcat.util.threads.ThreadPoolExecutor.runWorker(ThreadPoolExecutor.java:946) ~[tomcat-embed-core-11.0.15.jar:11.0.15]
	at org.apache.tomcat.util.threads.ThreadPoolExecutor$Worker.run(ThreadPoolExecutor.java:480) ~[tomcat-embed-core-11.0.15.jar:11.0.15]
	at org.apache.tomcat.util.threads.TaskThread$WrappingRunnable.run(TaskThread.java:57) ~[tomcat-embed-core-11.0.15.jar:11.0.15]
	at java.base/java.lang.Thread.run(Thread.java:1583) ~[na:na]

