> Task :compileJava UP-TO-DATE
> Task :processResources UP-TO-DATE
> Task :classes UP-TO-DATE
> Task :resolveMainClassName UP-TO-DATE

> Task :bootRun

  .   ____          _            __ _ _
 /\\ / ___'_ __ _ _(_)_ __  __ _ \ \ \ \
( ( )\___ | '_ | '_| | '_ \/ _` | \ \ \ \
 \\/  ___)| |_)| | | | | || (_| |  ) ) ) )
  '  |____| .__|_| |_|_| |_\__, | / / / /
 =========|_|==============|___/=/_/_/_/

 :: Spring Boot ::                (v4.0.1)

2026-04-13T12:48:39.495+09:00  INFO 135411 --- [venueon-backend] [           main] com.venueon.VenueOnApplication           : Starting VenueOnApplication using Java 21.0.10 with PID 135411 (/home/mochijj/project/team3-jangane-venueon/backend/build/classes/java/main started by mochijj in /home/mochijj/project/team3-jangane-venueon/backend)
2026-04-13T12:48:39.501+09:00 DEBUG 135411 --- [venueon-backend] [           main] com.venueon.VenueOnApplication           : Running with Spring Boot v4.0.1, Spring v7.0.2
2026-04-13T12:48:39.504+09:00  INFO 135411 --- [venueon-backend] [           main] com.venueon.VenueOnApplication           : The following 1 profile is active: "dev"
2026-04-13T12:48:41.117+09:00  INFO 135411 --- [venueon-backend] [           main] .s.d.r.c.RepositoryConfigurationDelegate : Bootstrapping Spring Data JPA repositories in DEFAULT mode.
2026-04-13T12:48:41.308+09:00  INFO 135411 --- [venueon-backend] [           main] .s.d.r.c.RepositoryConfigurationDelegate : Finished Spring Data repository scanning in 172 ms. Found 20 JPA repository interfaces.
2026-04-13T12:48:42.234+09:00  INFO 135411 --- [venueon-backend] [           main] o.s.boot.tomcat.TomcatWebServer          : Tomcat initialized with port 8080 (http)
2026-04-13T12:48:42.270+09:00  INFO 135411 --- [venueon-backend] [           main] o.apache.catalina.core.StandardService   : Starting service [Tomcat]
2026-04-13T12:48:42.270+09:00  INFO 135411 --- [venueon-backend] [           main] o.apache.catalina.core.StandardEngine    : Starting Servlet engine: [Apache Tomcat/11.0.15]
2026-04-13T12:48:42.360+09:00  INFO 135411 --- [venueon-backend] [           main] b.w.c.s.WebApplicationContextInitializer : Root WebApplicationContext: initialization completed in 2768 ms
2026-04-13T12:48:42.712+09:00  INFO 135411 --- [venueon-backend] [           main] org.hibernate.orm.jpa                    : HHH008540: Processing PersistenceUnitInfo [name: default]
2026-04-13T12:48:42.779+09:00  INFO 135411 --- [venueon-backend] [           main] org.hibernate.orm.core                   : HHH000001: Hibernate ORM core version 7.2.0.Final
2026-04-13T12:48:43.586+09:00  INFO 135411 --- [venueon-backend] [           main] o.s.o.j.p.SpringPersistenceUnitInfo      : No LoadTimeWeaver setup: ignoring JPA class transformer
2026-04-13T12:48:43.643+09:00  INFO 135411 --- [venueon-backend] [           main] com.zaxxer.hikari.HikariDataSource       : HikariPool-1 - Starting...
2026-04-13T12:48:43.861+09:00  INFO 135411 --- [venueon-backend] [           main] com.zaxxer.hikari.pool.HikariPool        : HikariPool-1 - Added connection org.postgresql.jdbc.PgConnection@6719f206
2026-04-13T12:48:43.864+09:00  INFO 135411 --- [venueon-backend] [           main] com.zaxxer.hikari.HikariDataSource       : HikariPool-1 - Start completed.
2026-04-13T12:48:43.900+09:00  WARN 135411 --- [venueon-backend] [           main] org.hibernate.orm.deprecation            : HHH90000025: PostgreSQLDialect does not need to be specified explicitly using 'hibernate.dialect' (remove the property setting and it will be selected by default)
2026-04-13T12:48:43.930+09:00  INFO 135411 --- [venueon-backend] [           main] org.hibernate.orm.connections.pooling    : HHH10001005: Database info:
	Database JDBC URL [jdbc:postgresql://localhost:5432/venueon_dev]
	Database driver: PostgreSQL JDBC Driver
	Database dialect: PostgreSQLDialect
	Database version: 15.17
	Default catalog/schema: venueon_dev/public
	Autocommit mode: undefined/unknown
	Isolation level: READ_COMMITTED [default READ_COMMITTED]
	JDBC fetch size: none
	Pool: DataSourceConnectionProvider
	Minimum pool size: undefined/unknown
	Maximum pool size: undefined/unknown
2026-04-13T12:48:43.777+09:00  INFO 135411 --- [venueon-backend] [           main] org.hibernate.orm.core                   : HHH000489: No JTA platform available (set 'hibernate.transaction.jta.platform' to enable JTA platform integration)
2026-04-13T12:48:44.082+09:00  INFO 135411 --- [venueon-backend] [           main] j.LocalContainerEntityManagerFactoryBean : Initialized JPA EntityManagerFactory for persistence unit 'default'
2026-04-13T12:48:44.194+09:00  INFO 135411 --- [venueon-backend] [           main] o.s.d.j.r.query.QueryEnhancerFactories   : Hibernate is in classpath; If applicable, HQL parser will be used.
2026-04-13T12:48:45.783+09:00 DEBUG 135411 --- [venueon-backend] [           main] c.v.u.a.i.s.JwtAuthenticationFilter      : Filter 'jwtAuthenticationFilter' configured for use
2026-04-13T12:48:48.360+09:00  INFO 135411 --- [venueon-backend] [           main] r$InitializeUserDetailsManagerConfigurer : Global AuthenticationManager configured with UserDetailsService bean with name customUserDetailsService
2026-04-13T12:48:49.473+09:00  INFO 135411 --- [venueon-backend] [           main] o.s.b.a.e.web.EndpointLinksResolver      : Exposing 1 endpoint beneath base path '/actuator'
2026-04-13T12:48:49.592+09:00  INFO 135411 --- [venueon-backend] [           main] o.s.boot.tomcat.TomcatWebServer          : Tomcat started on port 8080 (http) with context path '/'
2026-04-13T12:48:49.610+09:00  INFO 135411 --- [venueon-backend] [           main] com.venueon.VenueOnApplication           : Started VenueOnApplication in 10.774 seconds (process running for 13.812)
2026-04-13T12:48:49.880+09:00 DEBUG 135411 --- [venueon-backend] [           main] org.hibernate.SQL                        : 
    select
        count(*) 
    from
        users uje1_0
Hibernate: 
    select
        count(*) 
    from
        users uje1_0
2026-04-13T12:48:49.902+09:00  INFO 135411 --- [venueon-backend] [           main] c.venueon.common.config.DataInitializer  : 데이터가 이미 존재합니다. 장바구니 데이터를 ID 1번 사용자용으로 재구성하고, 누락된 신고 샘플이 있다면 생성합니다.
2026-04-13T12:48:49.905+09:00 DEBUG 135411 --- [venueon-backend] [           main] org.hibernate.SQL                        : 
    select
        count(*) 
    from
        reports rje1_0
Hibernate: 
    select
        count(*) 
    from
        reports rje1_0
2026-04-13T12:48:49.916+09:00  INFO 135411 --- [venueon-backend] [           main] c.venueon.common.config.DataInitializer  : 장바구니 테이블 구조 정리를 완료했습니다 (event_id 컬럼 제거).
2026-04-13T12:48:49.924+09:00  INFO 135411 --- [venueon-backend] [           main] c.venueon.common.config.DataInitializer  : 관리자 계정(admin@venueon.com)용 장바구니 임시 데이터 10개 생성을 시작합니다.
2026-04-13T12:48:50.001+09:00 DEBUG 135411 --- [venueon-backend] [           main] org.hibernate.SQL                        : 
    select
        uje1_0.id,
        c1_0.user_id,
        c1_1.id,
        c1_1.description,
        c1_1.name,
        c1_1.sort_order,
        uje1_0.created_at,
        uje1_0.email,
        uje1_0.is_active,
        uje1_0.is_badge_visible,
        uje1_0.nickname,
        uje1_0.password,
        uje1_0.phone,
        uje1_0.profile_img,
        uje1_0.provider,
        uje1_0.role,
        uje1_0.updated_at 
    from
        users uje1_0 
    left join
        user_categories c1_0 
            on uje1_0.id=c1_0.user_id 
    left join
        categories c1_1 
            on c1_1.id=c1_0.category_id 
    where
        uje1_0.email=?
Hibernate: 
    select
        uje1_0.id,
        c1_0.user_id,
        c1_1.id,
        c1_1.description,
        c1_1.name,
        c1_1.sort_order,
        uje1_0.created_at,
        uje1_0.email,
        uje1_0.is_active,
        uje1_0.is_badge_visible,
        uje1_0.nickname,
        uje1_0.password,
        uje1_0.phone,
        uje1_0.profile_img,
        uje1_0.provider,
        uje1_0.role,
        uje1_0.updated_at 
    from
        users uje1_0 
    left join
        user_categories c1_0 
            on uje1_0.id=c1_0.user_id 
    left join
        categories c1_1 
            on c1_1.id=c1_0.category_id 
    where
        uje1_0.email=?
2026-04-13T12:48:50.093+09:00 DEBUG 135411 --- [venueon-backend] [           main] org.hibernate.SQL                        : 
    select
        sje1_0.id,
        sje1_0.address_detail,
        sje1_0.address_road,
        sje1_0.created_at,
        sje1_0.current_attendees,
        sje1_0.description,
        sje1_0.end_time,
        sje1_0.event_id,
        sje1_0.forced_recruitment_status,
        sje1_0.forced_session_status,
        sje1_0.is_default,
        sje1_0.is_online,
        sje1_0.is_recruitment_closed,
        sje1_0.location,
        sje1_0.max_attendees,
        sje1_0.online_link,
        sje1_0.recruit_end_date,
        sje1_0.recruit_start_date,
        sje1_0.region_sido,
        sje1_0.region_sigungu,
        sje1_0.sort_order,
        sje1_0.start_time,
        sje1_0.title,
        sje1_0.updated_at 
    from
        event_sessions sje1_0
Hibernate: 
    select
        sje1_0.id,
        sje1_0.address_detail,
        sje1_0.address_road,
        sje1_0.created_at,
        sje1_0.current_attendees,
        sje1_0.description,
        sje1_0.end_time,
        sje1_0.event_id,
        sje1_0.forced_recruitment_status,
        sje1_0.forced_session_status,
        sje1_0.is_default,
        sje1_0.is_online,
        sje1_0.is_recruitment_closed,
        sje1_0.location,
        sje1_0.max_attendees,
        sje1_0.online_link,
        sje1_0.recruit_end_date,
        sje1_0.recruit_start_date,
        sje1_0.region_sido,
        sje1_0.region_sigungu,
        sje1_0.sort_order,
        sje1_0.start_time,
        sje1_0.title,
        sje1_0.updated_at 
    from
        event_sessions sje1_0
2026-04-13T12:48:50.154+09:00 DEBUG 135411 --- [venueon-backend] [           main] org.hibernate.SQL                        : 
    insert 
    into
        cart
        (created_at, event_session_id, quantity, user_id) 
    values
        (?, ?, ?, ?)
Hibernate: 
    insert 
    into
        cart
        (created_at, event_session_id, quantity, user_id) 
    values
        (?, ?, ?, ?)
2026-04-13T12:48:50.178+09:00 DEBUG 135411 --- [venueon-backend] [           main] org.hibernate.SQL                        : 
    insert 
    into
        cart
        (created_at, event_session_id, quantity, user_id) 
    values
        (?, ?, ?, ?)
Hibernate: 
    insert 
    into
        cart
        (created_at, event_session_id, quantity, user_id) 
    values
        (?, ?, ?, ?)
2026-04-13T12:48:50.184+09:00 DEBUG 135411 --- [venueon-backend] [           main] org.hibernate.SQL                        : 
    insert 
    into
        cart
        (created_at, event_session_id, quantity, user_id) 
    values
        (?, ?, ?, ?)
Hibernate: 
    insert 
    into
        cart
        (created_at, event_session_id, quantity, user_id) 
    values
        (?, ?, ?, ?)
2026-04-13T12:48:50.188+09:00 DEBUG 135411 --- [venueon-backend] [           main] org.hibernate.SQL                        : 
    insert 
    into
        cart
        (created_at, event_session_id, quantity, user_id) 
    values
        (?, ?, ?, ?)
Hibernate: 
    insert 
    into
        cart
        (created_at, event_session_id, quantity, user_id) 
    values
        (?, ?, ?, ?)
2026-04-13T12:48:50.193+09:00 DEBUG 135411 --- [venueon-backend] [           main] org.hibernate.SQL                        : 
    insert 
    into
        cart
        (created_at, event_session_id, quantity, user_id) 
    values
        (?, ?, ?, ?)
Hibernate: 
    insert 
    into
        cart
        (created_at, event_session_id, quantity, user_id) 
    values
        (?, ?, ?, ?)
2026-04-13T12:48:50.197+09:00 DEBUG 135411 --- [venueon-backend] [           main] org.hibernate.SQL                        : 
    insert 
    into
        cart
        (created_at, event_session_id, quantity, user_id) 
    values
        (?, ?, ?, ?)
Hibernate: 
    insert 
    into
        cart
        (created_at, event_session_id, quantity, user_id) 
    values
        (?, ?, ?, ?)
2026-04-13T12:48:50.203+09:00 DEBUG 135411 --- [venueon-backend] [           main] org.hibernate.SQL                        : 
    insert 
    into
        cart
        (created_at, event_session_id, quantity, user_id) 
    values
        (?, ?, ?, ?)
Hibernate: 
    insert 
    into
        cart
        (created_at, event_session_id, quantity, user_id) 
    values
        (?, ?, ?, ?)
2026-04-13T12:48:50.207+09:00 DEBUG 135411 --- [venueon-backend] [           main] org.hibernate.SQL                        : 
    insert 
    into
        cart
        (created_at, event_session_id, quantity, user_id) 
    values
        (?, ?, ?, ?)
Hibernate: 
    insert 
    into
        cart
        (created_at, event_session_id, quantity, user_id) 
    values
        (?, ?, ?, ?)
2026-04-13T12:48:50.212+09:00 DEBUG 135411 --- [venueon-backend] [           main] org.hibernate.SQL                        : 
    insert 
    into
        cart
        (created_at, event_session_id, quantity, user_id) 
    values
        (?, ?, ?, ?)
Hibernate: 
    insert 
    into
        cart
        (created_at, event_session_id, quantity, user_id) 
    values
        (?, ?, ?, ?)
2026-04-13T12:48:50.216+09:00 DEBUG 135411 --- [venueon-backend] [           main] org.hibernate.SQL                        : 
    insert 
    into
        cart
        (created_at, event_session_id, quantity, user_id) 
    values
        (?, ?, ?, ?)
Hibernate: 
    insert 
    into
        cart
        (created_at, event_session_id, quantity, user_id) 
    values
        (?, ?, ?, ?)
2026-04-13T12:48:50.218+09:00  INFO 135411 --- [venueon-backend] [           main] c.venueon.common.config.DataInitializer  : 관리자용 장바구니 임시 데이터 생성 완료.
2026-04-13T12:49:29.440+09:00  INFO 135411 --- [venueon-backend] [nio-8080-exec-1] o.a.c.c.C.[Tomcat].[localhost].[/]       : Initializing Spring DispatcherServlet 'dispatcherServlet'
2026-04-13T12:49:29.441+09:00  INFO 135411 --- [venueon-backend] [nio-8080-exec-1] o.s.web.servlet.DispatcherServlet        : Initializing Servlet 'dispatcherServlet'
2026-04-13T12:49:29.446+09:00  INFO 135411 --- [venueon-backend] [nio-8080-exec-1] o.s.web.servlet.DispatcherServlet        : Completed initialization in 5 ms
2026-04-13T12:49:29.704+09:00 DEBUG 135411 --- [venueon-backend] [nio-8080-exec-1] org.hibernate.SQL                        : 
    select
        uje1_0.id,
        c1_0.user_id,
        c1_1.id,
        c1_1.description,
        c1_1.name,
        c1_1.sort_order,
        uje1_0.created_at,
        uje1_0.email,
        uje1_0.is_active,
        uje1_0.is_badge_visible,
        uje1_0.nickname,
        uje1_0.password,
        uje1_0.phone,
        uje1_0.profile_img,
        uje1_0.provider,
        uje1_0.role,
        uje1_0.updated_at 
    from
        users uje1_0 
    left join
        user_categories c1_0 
            on uje1_0.id=c1_0.user_id 
    left join
        categories c1_1 
            on c1_1.id=c1_0.category_id 
    where
        uje1_0.email=?
Hibernate: 
    select
        uje1_0.id,
        c1_0.user_id,
        c1_1.id,
        c1_1.description,
        c1_1.name,
        c1_1.sort_order,
        uje1_0.created_at,
        uje1_0.email,
        uje1_0.is_active,
        uje1_0.is_badge_visible,
        uje1_0.nickname,
        uje1_0.password,
        uje1_0.phone,
        uje1_0.profile_img,
        uje1_0.provider,
        uje1_0.role,
        uje1_0.updated_at 
    from
        users uje1_0 
    left join
        user_categories c1_0 
            on uje1_0.id=c1_0.user_id 
    left join
        categories c1_1 
            on c1_1.id=c1_0.category_id 
    where
        uje1_0.email=?
2026-04-13T12:49:29.713+09:00 DEBUG 135411 --- [venueon-backend] [nio-8080-exec-1] c.v.u.a.i.s.JwtAuthenticationFilter      : JWT 인증 성공: email=admin@venueon.com
2026-04-13T12:49:29.764+09:00  INFO 135411 --- [venueon-backend] [nio-8080-exec-1] c.v.a.r.a.service.AdminReportService     : 신고 목록 조회 요청: status=PENDING, targetType=POST, keyword=null
2026-04-13T12:49:29.776+09:00 DEBUG 135411 --- [venueon-backend] [nio-8080-exec-1] org.hibernate.SQL                        : 
    select
        rje1_0.id,
        rje1_0.admin_action,
        rje1_0.created_at,
        rje1_0.detail,
        rje1_0.reason,
        rje1_0.reporter_id,
        rje1_0.resolved_at,
        rje1_0.status,
        rje1_0.target_id,
        rje1_0.target_type 
    from
        reports rje1_0 
    where
        rje1_0.status=? 
        and rje1_0.target_type=? 
    offset
        ? rows 
    fetch
        first ? rows only
Hibernate: 
    select
        rje1_0.id,
        rje1_0.admin_action,
        rje1_0.created_at,
        rje1_0.detail,
        rje1_0.reason,
        rje1_0.reporter_id,
        rje1_0.resolved_at,
        rje1_0.status,
        rje1_0.target_id,
        rje1_0.target_type 
    from
        reports rje1_0 
    where
        rje1_0.status=? 
        and rje1_0.target_type=? 
    offset
        ? rows 
    fetch
        first ? rows only
2026-04-13T12:49:29.922+09:00  WARN 135411 --- [venueon-backend] [nio-8080-exec-1] ration$PageModule$WarningLoggingModifier : Serializing PageImpl instances as-is is not supported, meaning that there is no guarantee about the stability of the resulting JSON structure!
	For a stable JSON structure, please use Spring Data's PagedModel (globally via @EnableSpringDataWebSupport(pageSerializationMode = VIA_DTO))
	or Spring HATEOAS and Spring Data's PagedResourcesAssembler as documented in https://docs.spring.io/spring-data/commons/reference/repositories/core-extensions.html#core.web.pageables.

2026-04-13T12:49:29.996+09:00 DEBUG 135411 --- [venueon-backend] [nio-8080-exec-2] org.hibernate.SQL                        : 
    select
        uje1_0.id,
        c1_0.user_id,
        c1_1.id,
        c1_1.description,
        c1_1.name,
        c1_1.sort_order,
        uje1_0.created_at,
        uje1_0.email,
        uje1_0.is_active,
        uje1_0.is_badge_visible,
        uje1_0.nickname,
        uje1_0.password,
        uje1_0.phone,
        uje1_0.profile_img,
        uje1_0.provider,
        uje1_0.role,
        uje1_0.updated_at 
    from
        users uje1_0 
    left join
        user_categories c1_0 
            on uje1_0.id=c1_0.user_id 
    left join
        categories c1_1 
            on c1_1.id=c1_0.category_id 
    where
        uje1_0.email=?
Hibernate: 
    select
        uje1_0.id,
        c1_0.user_id,
        c1_1.id,
        c1_1.description,
        c1_1.name,
        c1_1.sort_order,
        uje1_0.created_at,
        uje1_0.email,
        uje1_0.is_active,
        uje1_0.is_badge_visible,
        uje1_0.nickname,
        uje1_0.password,
        uje1_0.phone,
        uje1_0.profile_img,
        uje1_0.provider,
        uje1_0.role,
        uje1_0.updated_at 
    from
        users uje1_0 
    left join
        user_categories c1_0 
            on uje1_0.id=c1_0.user_id 
    left join
        categories c1_1 
            on c1_1.id=c1_0.category_id 
    where
        uje1_0.email=?
2026-04-13T12:49:30.001+09:00 DEBUG 135411 --- [venueon-backend] [nio-8080-exec-2] c.v.u.a.i.s.JwtAuthenticationFilter      : JWT 인증 성공: email=admin@venueon.com
2026-04-13T12:49:30.005+09:00  INFO 135411 --- [venueon-backend] [nio-8080-exec-2] c.v.a.r.a.service.AdminReportService     : 신고 목록 조회 요청: status=PENDING, targetType=POST, keyword=null
2026-04-13T12:49:30.010+09:00 DEBUG 135411 --- [venueon-backend] [nio-8080-exec-2] org.hibernate.SQL                        : 
    select
        rje1_0.id,
        rje1_0.admin_action,
        rje1_0.created_at,
        rje1_0.detail,
        rje1_0.reason,
        rje1_0.reporter_id,
        rje1_0.resolved_at,
        rje1_0.status,
        rje1_0.target_id,
        rje1_0.target_type 
    from
        reports rje1_0 
    where
        rje1_0.status=? 
        and rje1_0.target_type=? 
    offset
        ? rows 
    fetch
        first ? rows only
Hibernate: 
    select
        rje1_0.id,
        rje1_0.admin_action,
        rje1_0.created_at,
        rje1_0.detail,
        rje1_0.reason,
        rje1_0.reporter_id,
        rje1_0.resolved_at,
        rje1_0.status,
        rje1_0.target_id,
        rje1_0.target_type 
    from
        reports rje1_0 
    where
        rje1_0.status=? 
        and rje1_0.target_type=? 
    offset
        ? rows 
    fetch
        first ? rows only
2026-04-13T12:49:35.942+09:00 DEBUG 135411 --- [venueon-backend] [nio-8080-exec-3] org.hibernate.SQL                        : 
    select
        uje1_0.id,
        c1_0.user_id,
        c1_1.id,
        c1_1.description,
        c1_1.name,
        c1_1.sort_order,
        uje1_0.created_at,
        uje1_0.email,
        uje1_0.is_active,
        uje1_0.is_badge_visible,
        uje1_0.nickname,
        uje1_0.password,
        uje1_0.phone,
        uje1_0.profile_img,
        uje1_0.provider,
        uje1_0.role,
        uje1_0.updated_at 
    from
        users uje1_0 
    left join
        user_categories c1_0 
            on uje1_0.id=c1_0.user_id 
    left join
        categories c1_1 
            on c1_1.id=c1_0.category_id 
    where
        uje1_0.email=?
Hibernate: 
    select
        uje1_0.id,
        c1_0.user_id,
        c1_1.id,
        c1_1.description,
        c1_1.name,
        c1_1.sort_order,
        uje1_0.created_at,
        uje1_0.email,
        uje1_0.is_active,
        uje1_0.is_badge_visible,
        uje1_0.nickname,
        uje1_0.password,
        uje1_0.phone,
        uje1_0.profile_img,
        uje1_0.provider,
        uje1_0.role,
        uje1_0.updated_at 
    from
        users uje1_0 
    left join
        user_categories c1_0 
            on uje1_0.id=c1_0.user_id 
    left join
        categories c1_1 
            on c1_1.id=c1_0.category_id 
    where
        uje1_0.email=?
2026-04-13T12:49:35.948+09:00 DEBUG 135411 --- [venueon-backend] [nio-8080-exec-3] c.v.u.a.i.s.JwtAuthenticationFilter      : JWT 인증 성공: email=admin@venueon.com
2026-04-13T12:49:35.952+09:00  INFO 135411 --- [venueon-backend] [nio-8080-exec-3] c.v.a.r.a.service.AdminReportService     : 신고 목록 조회 요청: status=PENDING, targetType=USER, keyword=null
2026-04-13T12:49:35.957+09:00 DEBUG 135411 --- [venueon-backend] [nio-8080-exec-3] org.hibernate.SQL                        : 
    select
        rje1_0.id,
        rje1_0.admin_action,
        rje1_0.created_at,
        rje1_0.detail,
        rje1_0.reason,
        rje1_0.reporter_id,
        rje1_0.resolved_at,
        rje1_0.status,
        rje1_0.target_id,
        rje1_0.target_type 
    from
        reports rje1_0 
    where
        rje1_0.status=? 
        and rje1_0.target_type=? 
    offset
        ? rows 
    fetch
        first ? rows only
Hibernate: 
    select
        rje1_0.id,
        rje1_0.admin_action,
        rje1_0.created_at,
        rje1_0.detail,
        rje1_0.reason,
        rje1_0.reporter_id,
        rje1_0.resolved_at,
        rje1_0.status,
        rje1_0.target_id,
        rje1_0.target_type 
    from
        reports rje1_0 
    where
        rje1_0.status=? 
        and rje1_0.target_type=? 
    offset
        ? rows 
    fetch
        first ? rows only
2026-04-13T12:49:38.336+09:00 DEBUG 135411 --- [venueon-backend] [nio-8080-exec-4] org.hibernate.SQL                        : 
    select
        uje1_0.id,
        c1_0.user_id,
        c1_1.id,
        c1_1.description,
        c1_1.name,
        c1_1.sort_order,
        uje1_0.created_at,
        uje1_0.email,
        uje1_0.is_active,
        uje1_0.is_badge_visible,
        uje1_0.nickname,
        uje1_0.password,
        uje1_0.phone,
        uje1_0.profile_img,
        uje1_0.provider,
        uje1_0.role,
        uje1_0.updated_at 
    from
        users uje1_0 
    left join
        user_categories c1_0 
            on uje1_0.id=c1_0.user_id 
    left join
        categories c1_1 
            on c1_1.id=c1_0.category_id 
    where
        uje1_0.email=?
Hibernate: 
    select
        uje1_0.id,
        c1_0.user_id,
        c1_1.id,
        c1_1.description,
        c1_1.name,
        c1_1.sort_order,
        uje1_0.created_at,
        uje1_0.email,
        uje1_0.is_active,
        uje1_0.is_badge_visible,
        uje1_0.nickname,
        uje1_0.password,
        uje1_0.phone,
        uje1_0.profile_img,
        uje1_0.provider,
        uje1_0.role,
        uje1_0.updated_at 
    from
        users uje1_0 
    left join
        user_categories c1_0 
            on uje1_0.id=c1_0.user_id 
    left join
        categories c1_1 
            on c1_1.id=c1_0.category_id 
    where
        uje1_0.email=?
2026-04-13T12:49:38.341+09:00 DEBUG 135411 --- [venueon-backend] [nio-8080-exec-4] c.v.u.a.i.s.JwtAuthenticationFilter      : JWT 인증 성공: email=admin@venueon.com
2026-04-13T12:49:38.345+09:00  INFO 135411 --- [venueon-backend] [nio-8080-exec-4] c.v.a.r.a.service.AdminReportService     : 신고 목록 조회 요청: status=RESOLVED, targetType=USER, keyword=null
2026-04-13T12:49:38.348+09:00 DEBUG 135411 --- [venueon-backend] [nio-8080-exec-4] org.hibernate.SQL                        : 
    select
        rje1_0.id,
        rje1_0.admin_action,
        rje1_0.created_at,
        rje1_0.detail,
        rje1_0.reason,
        rje1_0.reporter_id,
        rje1_0.resolved_at,
        rje1_0.status,
        rje1_0.target_id,
        rje1_0.target_type 
    from
        reports rje1_0 
    where
        rje1_0.status=? 
        and rje1_0.target_type=? 
    offset
        ? rows 
    fetch
        first ? rows only
Hibernate: 
    select
        rje1_0.id,
        rje1_0.admin_action,
        rje1_0.created_at,
        rje1_0.detail,
        rje1_0.reason,
        rje1_0.reporter_id,
        rje1_0.resolved_at,
        rje1_0.status,
        rje1_0.target_id,
        rje1_0.target_type 
    from
        reports rje1_0 
    where
        rje1_0.status=? 
        and rje1_0.target_type=? 
    offset
        ? rows 
    fetch
        first ? rows only
2026-04-13T12:49:38.884+09:00 DEBUG 135411 --- [venueon-backend] [nio-8080-exec-5] org.hibernate.SQL                        : 
    select
        uje1_0.id,
        c1_0.user_id,
        c1_1.id,
        c1_1.description,
        c1_1.name,
        c1_1.sort_order,
        uje1_0.created_at,
        uje1_0.email,
        uje1_0.is_active,
        uje1_0.is_badge_visible,
        uje1_0.nickname,
        uje1_0.password,
        uje1_0.phone,
        uje1_0.profile_img,
        uje1_0.provider,
        uje1_0.role,
        uje1_0.updated_at 
    from
        users uje1_0 
    left join
        user_categories c1_0 
            on uje1_0.id=c1_0.user_id 
    left join
        categories c1_1 
            on c1_1.id=c1_0.category_id 
    where
        uje1_0.email=?
Hibernate: 
    select
        uje1_0.id,
        c1_0.user_id,
        c1_1.id,
        c1_1.description,
        c1_1.name,
        c1_1.sort_order,
        uje1_0.created_at,
        uje1_0.email,
        uje1_0.is_active,
        uje1_0.is_badge_visible,
        uje1_0.nickname,
        uje1_0.password,
        uje1_0.phone,
        uje1_0.profile_img,
        uje1_0.provider,
        uje1_0.role,
        uje1_0.updated_at 
    from
        users uje1_0 
    left join
        user_categories c1_0 
            on uje1_0.id=c1_0.user_id 
    left join
        categories c1_1 
            on c1_1.id=c1_0.category_id 
    where
        uje1_0.email=?
2026-04-13T12:49:38.889+09:00 DEBUG 135411 --- [venueon-backend] [nio-8080-exec-5] c.v.u.a.i.s.JwtAuthenticationFilter      : JWT 인증 성공: email=admin@venueon.com
2026-04-13T12:49:38.892+09:00  INFO 135411 --- [venueon-backend] [nio-8080-exec-5] c.v.a.r.a.service.AdminReportService     : 신고 목록 조회 요청: status=REJECTED, targetType=USER, keyword=null
2026-04-13T12:49:38.897+09:00 DEBUG 135411 --- [venueon-backend] [nio-8080-exec-5] org.hibernate.SQL                        : 
    select
        rje1_0.id,
        rje1_0.admin_action,
        rje1_0.created_at,
        rje1_0.detail,
        rje1_0.reason,
        rje1_0.reporter_id,
        rje1_0.resolved_at,
        rje1_0.status,
        rje1_0.target_id,
        rje1_0.target_type 
    from
        reports rje1_0 
    where
        rje1_0.status=? 
        and rje1_0.target_type=? 
    offset
        ? rows 
    fetch
        first ? rows only
Hibernate: 
    select
        rje1_0.id,
        rje1_0.admin_action,
        rje1_0.created_at,
        rje1_0.detail,
        rje1_0.reason,
        rje1_0.reporter_id,
        rje1_0.resolved_at,
        rje1_0.status,
        rje1_0.target_id,
        rje1_0.target_type 
    from
        reports rje1_0 
    where
        rje1_0.status=? 
        and rje1_0.target_type=? 
    offset
        ? rows 
    fetch
        first ? rows only
2026-04-13T12:49:38.906+09:00 DEBUG 135411 --- [venueon-backend] [nio-8080-exec-5] org.hibernate.SQL                        : 
    select
        uje1_0.id,
        uje1_0.created_at,
        uje1_0.email,
        uje1_0.is_active,
        uje1_0.is_badge_visible,
        uje1_0.nickname,
        uje1_0.password,
        uje1_0.phone,
        uje1_0.profile_img,
        uje1_0.provider,
        uje1_0.role,
        uje1_0.updated_at 
    from
        users uje1_0 
    where
        uje1_0.id=?
Hibernate: 
    select
        uje1_0.id,
        uje1_0.created_at,
        uje1_0.email,
        uje1_0.is_active,
        uje1_0.is_badge_visible,
        uje1_0.nickname,
        uje1_0.password,
        uje1_0.phone,
        uje1_0.profile_img,
        uje1_0.provider,
        uje1_0.role,
        uje1_0.updated_at 
    from
        users uje1_0 
    where
        uje1_0.id=?
2026-04-13T12:49:40.715+09:00 DEBUG 135411 --- [venueon-backend] [nio-8080-exec-6] org.hibernate.SQL                        : 
    select
        uje1_0.id,
        c1_0.user_id,
        c1_1.id,
        c1_1.description,
        c1_1.name,
        c1_1.sort_order,
        uje1_0.created_at,
        uje1_0.email,
        uje1_0.is_active,
        uje1_0.is_badge_visible,
        uje1_0.nickname,
        uje1_0.password,
        uje1_0.phone,
        uje1_0.profile_img,
        uje1_0.provider,
        uje1_0.role,
        uje1_0.updated_at 
    from
        users uje1_0 
    left join
        user_categories c1_0 
            on uje1_0.id=c1_0.user_id 
    left join
        categories c1_1 
            on c1_1.id=c1_0.category_id 
    where
        uje1_0.email=?
Hibernate: 
    select
        uje1_0.id,
        c1_0.user_id,
        c1_1.id,
        c1_1.description,
        c1_1.name,
        c1_1.sort_order,
        uje1_0.created_at,
        uje1_0.email,
        uje1_0.is_active,
        uje1_0.is_badge_visible,
        uje1_0.nickname,
        uje1_0.password,
        uje1_0.phone,
        uje1_0.profile_img,
        uje1_0.provider,
        uje1_0.role,
        uje1_0.updated_at 
    from
        users uje1_0 
    left join
        user_categories c1_0 
            on uje1_0.id=c1_0.user_id 
    left join
        categories c1_1 
            on c1_1.id=c1_0.category_id 
    where
        uje1_0.email=?
2026-04-13T12:49:40.720+09:00 DEBUG 135411 --- [venueon-backend] [nio-8080-exec-6] c.v.u.a.i.s.JwtAuthenticationFilter      : JWT 인증 성공: email=admin@venueon.com
2026-04-13T12:49:40.727+09:00  INFO 135411 --- [venueon-backend] [nio-8080-exec-6] c.v.a.r.a.service.AdminReportService     : 신고 목록 조회 요청: status=REJECTED, targetType=EVENT, keyword=null
2026-04-13T12:49:40.732+09:00 DEBUG 135411 --- [venueon-backend] [nio-8080-exec-6] org.hibernate.SQL                        : 
    select
        rje1_0.id,
        rje1_0.admin_action,
        rje1_0.created_at,
        rje1_0.detail,
        rje1_0.reason,
        rje1_0.reporter_id,
        rje1_0.resolved_at,
        rje1_0.status,
        rje1_0.target_id,
        rje1_0.target_type 
    from
        reports rje1_0 
    where
        rje1_0.status=? 
        and rje1_0.target_type=? 
    offset
        ? rows 
    fetch
        first ? rows only
Hibernate: 
    select
        rje1_0.id,
        rje1_0.admin_action,
        rje1_0.created_at,
        rje1_0.detail,
        rje1_0.reason,
        rje1_0.reporter_id,
        rje1_0.resolved_at,
        rje1_0.status,
        rje1_0.target_id,
        rje1_0.target_type 
    from
        reports rje1_0 
    where
        rje1_0.status=? 
        and rje1_0.target_type=? 
    offset
        ? rows 
    fetch
        first ? rows only
2026-04-13T12:49:40.737+09:00 DEBUG 135411 --- [venueon-backend] [nio-8080-exec-6] org.hibernate.SQL                        : 
    select
        uje1_0.id,
        uje1_0.created_at,
        uje1_0.email,
        uje1_0.is_active,
        uje1_0.is_badge_visible,
        uje1_0.nickname,
        uje1_0.password,
        uje1_0.phone,
        uje1_0.profile_img,
        uje1_0.provider,
        uje1_0.role,
        uje1_0.updated_at 
    from
        users uje1_0 
    where
        uje1_0.id=?
Hibernate: 
    select
        uje1_0.id,
        uje1_0.created_at,
        uje1_0.email,
        uje1_0.is_active,
        uje1_0.is_badge_visible,
        uje1_0.nickname,
        uje1_0.password,
        uje1_0.phone,
        uje1_0.profile_img,
        uje1_0.provider,
        uje1_0.role,
        uje1_0.updated_at 
    from
        users uje1_0 
    where
        uje1_0.id=?
2026-04-13T12:49:42.029+09:00 DEBUG 135411 --- [venueon-backend] [nio-8080-exec-7] org.hibernate.SQL                        : 
    select
        uje1_0.id,
        c1_0.user_id,
        c1_1.id,
        c1_1.description,
        c1_1.name,
        c1_1.sort_order,
        uje1_0.created_at,
        uje1_0.email,
        uje1_0.is_active,
        uje1_0.is_badge_visible,
        uje1_0.nickname,
        uje1_0.password,
        uje1_0.phone,
        uje1_0.profile_img,
        uje1_0.provider,
        uje1_0.role,
        uje1_0.updated_at 
    from
        users uje1_0 
    left join
        user_categories c1_0 
            on uje1_0.id=c1_0.user_id 
    left join
        categories c1_1 
            on c1_1.id=c1_0.category_id 
    where
        uje1_0.email=?
Hibernate: 
    select
        uje1_0.id,
        c1_0.user_id,
        c1_1.id,
        c1_1.description,
        c1_1.name,
        c1_1.sort_order,
        uje1_0.created_at,
        uje1_0.email,
        uje1_0.is_active,
        uje1_0.is_badge_visible,
        uje1_0.nickname,
        uje1_0.password,
        uje1_0.phone,
        uje1_0.profile_img,
        uje1_0.provider,
        uje1_0.role,
        uje1_0.updated_at 
    from
        users uje1_0 
    left join
        user_categories c1_0 
            on uje1_0.id=c1_0.user_id 
    left join
        categories c1_1 
            on c1_1.id=c1_0.category_id 
    where
        uje1_0.email=?
2026-04-13T12:49:42.034+09:00 DEBUG 135411 --- [venueon-backend] [nio-8080-exec-7] c.v.u.a.i.s.JwtAuthenticationFilter      : JWT 인증 성공: email=admin@venueon.com
2026-04-13T12:49:42.040+09:00  INFO 135411 --- [venueon-backend] [nio-8080-exec-7] c.v.a.r.a.service.AdminReportService     : 신고 목록 조회 요청: status=RESOLVED, targetType=EVENT, keyword=null
2026-04-13T12:49:42.046+09:00 DEBUG 135411 --- [venueon-backend] [nio-8080-exec-7] org.hibernate.SQL                        : 
    select
        rje1_0.id,
        rje1_0.admin_action,
        rje1_0.created_at,
        rje1_0.detail,
        rje1_0.reason,
        rje1_0.reporter_id,
        rje1_0.resolved_at,
        rje1_0.status,
        rje1_0.target_id,
        rje1_0.target_type 
    from
        reports rje1_0 
    where
        rje1_0.status=? 
        and rje1_0.target_type=? 
    offset
        ? rows 
    fetch
        first ? rows only
Hibernate: 
    select
        rje1_0.id,
        rje1_0.admin_action,
        rje1_0.created_at,
        rje1_0.detail,
        rje1_0.reason,
        rje1_0.reporter_id,
        rje1_0.resolved_at,
        rje1_0.status,
        rje1_0.target_id,
        rje1_0.target_type 
    from
        reports rje1_0 
    where
        rje1_0.status=? 
        and rje1_0.target_type=? 
    offset
        ? rows 
    fetch
        first ? rows only
2026-04-13T12:49:42.050+09:00 DEBUG 135411 --- [venueon-backend] [nio-8080-exec-7] org.hibernate.SQL                        : 
    select
        uje1_0.id,
        uje1_0.created_at,
        uje1_0.email,
        uje1_0.is_active,
        uje1_0.is_badge_visible,
        uje1_0.nickname,
        uje1_0.password,
        uje1_0.phone,
        uje1_0.profile_img,
        uje1_0.provider,
        uje1_0.role,
        uje1_0.updated_at 
    from
        users uje1_0 
    where
        uje1_0.id=?
Hibernate: 
    select
        uje1_0.id,
        uje1_0.created_at,
        uje1_0.email,
        uje1_0.is_active,
        uje1_0.is_badge_visible,
        uje1_0.nickname,
        uje1_0.password,
        uje1_0.phone,
        uje1_0.profile_img,
        uje1_0.provider,
        uje1_0.role,
        uje1_0.updated_at 
    from
        users uje1_0 
    where
        uje1_0.id=?
2026-04-13T12:49:42.716+09:00 DEBUG 135411 --- [venueon-backend] [nio-8080-exec-8] org.hibernate.SQL                        : 
    select
        uje1_0.id,
        c1_0.user_id,
        c1_1.id,
        c1_1.description,
        c1_1.name,
        c1_1.sort_order,
        uje1_0.created_at,
        uje1_0.email,
        uje1_0.is_active,
        uje1_0.is_badge_visible,
        uje1_0.nickname,
        uje1_0.password,
        uje1_0.phone,
        uje1_0.profile_img,
        uje1_0.provider,
        uje1_0.role,
        uje1_0.updated_at 
    from
        users uje1_0 
    left join
        user_categories c1_0 
            on uje1_0.id=c1_0.user_id 
    left join
        categories c1_1 
            on c1_1.id=c1_0.category_id 
    where
        uje1_0.email=?
Hibernate: 
    select
        uje1_0.id,
        c1_0.user_id,
        c1_1.id,
        c1_1.description,
        c1_1.name,
        c1_1.sort_order,
        uje1_0.created_at,
        uje1_0.email,
        uje1_0.is_active,
        uje1_0.is_badge_visible,
        uje1_0.nickname,
        uje1_0.password,
        uje1_0.phone,
        uje1_0.profile_img,
        uje1_0.provider,
        uje1_0.role,
        uje1_0.updated_at 
    from
        users uje1_0 
    left join
        user_categories c1_0 
            on uje1_0.id=c1_0.user_id 
    left join
        categories c1_1 
            on c1_1.id=c1_0.category_id 
    where
        uje1_0.email=?
2026-04-13T12:49:42.721+09:00 DEBUG 135411 --- [venueon-backend] [nio-8080-exec-8] c.v.u.a.i.s.JwtAuthenticationFilter      : JWT 인증 성공: email=admin@venueon.com
2026-04-13T12:49:42.726+09:00  INFO 135411 --- [venueon-backend] [nio-8080-exec-8] c.v.a.r.a.service.AdminReportService     : 신고 목록 조회 요청: status=PENDING, targetType=EVENT, keyword=null
2026-04-13T12:49:42.730+09:00 DEBUG 135411 --- [venueon-backend] [nio-8080-exec-8] org.hibernate.SQL                        : 
    select
        rje1_0.id,
        rje1_0.admin_action,
        rje1_0.created_at,
        rje1_0.detail,
        rje1_0.reason,
        rje1_0.reporter_id,
        rje1_0.resolved_at,
        rje1_0.status,
        rje1_0.target_id,
        rje1_0.target_type 
    from
        reports rje1_0 
    where
        rje1_0.status=? 
        and rje1_0.target_type=? 
    offset
        ? rows 
    fetch
        first ? rows only
Hibernate: 
    select
        rje1_0.id,
        rje1_0.admin_action,
        rje1_0.created_at,
        rje1_0.detail,
        rje1_0.reason,
        rje1_0.reporter_id,
        rje1_0.resolved_at,
        rje1_0.status,
        rje1_0.target_id,
        rje1_0.target_type 
    from
        reports rje1_0 
    where
        rje1_0.status=? 
        and rje1_0.target_type=? 
    offset
        ? rows 
    fetch
        first ? rows only
2026-04-13T12:49:42.733+09:00 DEBUG 135411 --- [venueon-backend] [nio-8080-exec-8] org.hibernate.SQL                        : 
    select
        uje1_0.id,
        uje1_0.created_at,
        uje1_0.email,
        uje1_0.is_active,
        uje1_0.is_badge_visible,
        uje1_0.nickname,
        uje1_0.password,
        uje1_0.phone,
        uje1_0.profile_img,
        uje1_0.provider,
        uje1_0.role,
        uje1_0.updated_at 
    from
        users uje1_0 
    where
        uje1_0.id=?
Hibernate: 
    select
        uje1_0.id,
        uje1_0.created_at,
        uje1_0.email,
        uje1_0.is_active,
        uje1_0.is_badge_visible,
        uje1_0.nickname,
        uje1_0.password,
        uje1_0.phone,
        uje1_0.profile_img,
        uje1_0.provider,
        uje1_0.role,
        uje1_0.updated_at 
    from
        users uje1_0 
    where
        uje1_0.id=?

> Task :bootRun FAILED

FAILURE: Build failed with an exception.

* What went wrong:
Execution failed for task ':bootRun'.
> Process 'command '/usr/lib/jvm/java-21-openjdk-amd64/bin/java'' finished with non-zero exit value 137 (this value may indicate that the process was terminated with the SIGKILL signal, which is often caused by the system running out of memory)

* Try:
> Run with --stacktrace option to get the stack trace.
> Run with --info or --debug option to get more log output.
> Run with --scan to get full insights from a Build Scan (powered by Develocity).
> Get more help at https://help.gradle.org.

BUILD FAILED in 1m 41s
4 actionable tasks: 1 executed, 3 up-to-date
